2025-05-28 21:50:33,114 - pdf_pipeline - INFO - Starting new logging session. Log file: logs/pdf_pipeline_20250528_215032.log
2025-05-28 21:50:33,115 - pdf_pipeline - INFO - [cyan]Starting PDF processing pipeline with configuration:[/cyan]
2025-05-28 21:50:33,116 - pdf_pipeline - INFO - [cyan]Input directory:[/cyan] /Users/neon/Desktop/pdf-to-data/input
2025-05-28 21:50:33,116 - pdf_pipeline - INFO - [cyan]Output directory:[/cyan] /Users/neon/Desktop/pdf-to-data/output
2025-05-28 21:50:33,117 - pdf_pipeline - INFO - [cyan]Structure config:[/cyan] /Users/neon/Desktop/pdf-to-data/config/structure.yaml
2025-05-28 21:50:33,117 - pdf_pipeline - INFO - [cyan]Exclusions config:[/cyan] /Users/neon/Desktop/pdf-to-data/config/exclusions.yaml
2025-05-28 21:50:33,118 - pdf_pipeline - INFO - Loaded configuration from /Users/neon/Desktop/pdf-to-data/config/structure.yaml
2025-05-28 21:50:33,119 - pdf_pipeline - INFO - Loaded configuration from /Users/neon/Desktop/pdf-to-data/config/exclusions.yaml
2025-05-28 21:50:33,120 - pdf_pipeline - DEBUG - [cyan]Initializing PDFProcessor[/cyan]
2025-05-28 21:50:33,120 - pdf_pipeline - INFO - [cyan]Initializing DataTransformer[/cyan]
2025-05-28 21:50:33,120 - pdf_pipeline - DEBUG - [green]Loaded exclude_columns patterns:[/green] [{'type': 'contains', 'value': 'Mittelwert'}, {'type': 'contains', 'value': 'Alle'}, {'type': 'startswith', 'value': 'Ertrag'}, {'type': 'startswith', 'value': 'Differen'}]
2025-05-28 21:50:33,121 - pdf_pipeline - DEBUG - [green]Loaded exclude_rows patterns:[/green] [{'type': 'startswith', 'value': 'rel'}, {'type': 'startswith', 'value': 'vgl reduziert'}, {'type': 'startswith', 'value': 'Alle'}, {'type': 'endswith', 'value': 'alle'}, {'type': 'endswith', 'value': 'Latitude XL'}, {'type': 'endswith', 'value': 'WDurum'}, {'type': 'startswith', 'value': 'Differenz'}, {'type': 'startswith', 'value': 'GD(LSD)'}, {'type': 'startswith', 'value': 'VD'}, {'type': 'startswith', 'value': 'Sorte'}, {'type': 'startswith', 'value': 'Mittel VRS'}]
2025-05-28 21:50:33,123 - pdf_pipeline - INFO - [cyan]Found 3 PDF files to process[/cyan]
2025-05-28 21:50:33,124 - pdf_pipeline - INFO - [cyan]Processing PDF: /Users/neon/Desktop/pdf-to-data/input/winterweizen-sv-2023.pdf[/cyan]
2025-05-28 21:50:33,135 - pdf_pipeline - INFO - [cyan]Found 0 configured pages to process[/cyan]
2025-05-28 21:50:33,135 - pdf_pipeline - INFO - [cyan]No pages configured, processing all pages[/cyan]
2025-05-28 21:50:33,189 - pdf_pipeline - DEBUG - [green]Page 1: Extracted 2 raw tables structures[/green]
2025-05-28 21:50:33,190 - pdf_pipeline - WARNING - Page 1, Raw Table 0: table_type not specified in config. Cannot determine processing method.
2025-05-28 21:50:33,190 - pdf_pipeline - WARNING - Page 1, Raw Table 1: table_type not specified in config. Cannot determine processing method.
2025-05-28 21:50:33,362 - pdf_pipeline - DEBUG - [green]Page 2: Extracted 1 raw tables structures[/green]
2025-05-28 21:50:33,362 - pdf_pipeline - WARNING - Page 2, Raw Table 0: table_type not specified in config. Cannot determine processing method.
2025-05-28 21:50:33,539 - pdf_pipeline - DEBUG - [green]Page 3: Extracted 1 raw tables structures[/green]
2025-05-28 21:50:33,540 - pdf_pipeline - WARNING - Page 3, Raw Table 0: table_type not specified in config. Cannot determine processing method.
2025-05-28 21:50:33,756 - pdf_pipeline - DEBUG - [green]Page 4: Extracted 1 raw tables structures[/green]
2025-05-28 21:50:33,757 - pdf_pipeline - WARNING - Page 4, Raw Table 0: table_type not specified in config. Cannot determine processing method.
2025-05-28 21:50:33,921 - pdf_pipeline - DEBUG - [green]Page 5: Extracted 1 raw tables structures[/green]
2025-05-28 21:50:33,922 - pdf_pipeline - WARNING - Page 5, Raw Table 0: table_type not specified in config. Cannot determine processing method.
2025-05-28 21:50:34,058 - pdf_pipeline - DEBUG - [green]Page 6: Extracted 1 raw tables structures[/green]
2025-05-28 21:50:34,059 - pdf_pipeline - WARNING - Page 6, Raw Table 0: table_type not specified in config. Cannot determine processing method.
2025-05-28 21:50:34,088 - pdf_pipeline - DEBUG - [green]Page 7: Extracted 1 raw tables structures[/green]
2025-05-28 21:50:34,089 - pdf_pipeline - WARNING - Page 7, Raw Table 0: table_type not specified in config. Cannot determine processing method.
2025-05-28 21:50:34,243 - pdf_pipeline - DEBUG - [green]Page 8: Extracted 1 raw tables structures[/green]
2025-05-28 21:50:34,243 - pdf_pipeline - WARNING - Page 8, Raw Table 0: table_type not specified in config. Cannot determine processing method.
2025-05-28 21:50:34,399 - pdf_pipeline - DEBUG - [green]Page 9: Extracted 1 raw tables structures[/green]
2025-05-28 21:50:34,400 - pdf_pipeline - WARNING - Page 9, Raw Table 0: table_type not specified in config. Cannot determine processing method.
2025-05-28 21:50:34,529 - pdf_pipeline - DEBUG - [green]Page 10: Extracted 1 raw tables structures[/green]
2025-05-28 21:50:34,529 - pdf_pipeline - WARNING - Page 10, Raw Table 0: table_type not specified in config. Cannot determine processing method.
2025-05-28 21:50:34,563 - pdf_pipeline - DEBUG - [green]Page 11: Extracted 1 raw tables structures[/green]
2025-05-28 21:50:34,564 - pdf_pipeline - WARNING - Page 11, Raw Table 0: table_type not specified in config. Cannot determine processing method.
2025-05-28 21:50:34,646 - pdf_pipeline - DEBUG - [green]Page 12: Extracted 1 raw tables structures[/green]
2025-05-28 21:50:34,647 - pdf_pipeline - WARNING - Page 12, Raw Table 0: table_type not specified in config. Cannot determine processing method.
2025-05-28 21:50:34,677 - pdf_pipeline - DEBUG - [green]Page 13: Extracted 1 raw tables structures[/green]
2025-05-28 21:50:34,677 - pdf_pipeline - WARNING - Page 13, Raw Table 0: table_type not specified in config. Cannot determine processing method.
2025-05-28 21:50:34,714 - pdf_pipeline - DEBUG - [green]Page 14: Extracted 1 raw tables structures[/green]
2025-05-28 21:50:34,714 - pdf_pipeline - WARNING - Page 14, Raw Table 0: table_type not specified in config. Cannot determine processing method.
2025-05-28 21:50:34,718 - pdf_pipeline - DEBUG - [green]Page 15: Extracted 0 raw tables structures[/green]
2025-05-28 21:50:34,724 - pdf_pipeline - DEBUG - [green]Page 16: Extracted 0 raw tables structures[/green]
2025-05-28 21:50:34,725 - pdf_pipeline - INFO - [green]Extracted 0 tables for further transformation from winterweizen-sv-2023.pdf[/green]
2025-05-28 21:50:34,726 - pdf_pipeline - WARNING - [yellow]No tables extracted from winterweizen-sv-2023.pdf[/yellow]
2025-05-28 21:50:34,727 - pdf_pipeline - INFO - [cyan]Processing PDF: /Users/neon/Desktop/pdf-to-data/input/Winterweizen_Spelzweizen_2023_Versuchsbericht.pdf[/cyan]
2025-05-28 21:50:34,730 - pdf_pipeline - INFO - [cyan]Found 1 configured pages to process[/cyan]
2025-05-28 21:50:34,882 - pdf_pipeline - DEBUG - [green]Page 29: Extracted 1 raw tables structures[/green]
2025-05-28 21:50:34,883 - pdf_pipeline - DEBUG - Page 29, Raw Table 0: Identified as relevant 'absolute' table. Added for transformation.
2025-05-28 21:50:34,884 - pdf_pipeline - INFO - [green]Extracted 1 tables for further transformation from Winterweizen_Spelzweizen_2023_Versuchsbericht.pdf[/green]
2025-05-28 21:50:34,885 - pdf_pipeline - INFO - [cyan]Processing table 1[/cyan]
2025-05-28 21:50:34,885 - pdf_pipeline - INFO - Table type: absolute, Year: 2023
2025-05-28 21:50:34,885 - pdf_pipeline - INFO - Transforming absolute table. Initial headers: ['', None, 'BIT / Brecht', None, 'MT / Nomborn', None, 'MÜ / Biedesheim', None, 'NW / Herx- heim', None, 'KH / Wallertheim', None, 'SIM / Kümbdchen', None, 'Mittel', None, ''], Initial rows count: 30
2025-05-28 21:50:34,886 - pdf_pipeline - INFO - Detected Stufe 1/2 pattern in the first data row (stufe_pattern_count: 14). Treating it as a secondary header.
2025-05-28 21:50:34,887 - pdf_pipeline - DEBUG - For table with source 'Winterweizen_Spelzweizen_2023_Versuchsbericht.pdf', primary headers used for locations: ['', None, 'BIT / Brecht', None, 'MT / Nomborn', None, 'MÜ / Biedesheim', None, 'NW / Herx- heim', None, 'KH / Wallertheim', None, 'SIM / Kümbdchen', None, 'Mittel', None, '']
2025-05-28 21:50:34,888 - pdf_pipeline - DEBUG - Secondary header row (from rows[0]): ['Sorte', '', 'Stufe 1', 'Stufe 2', 'Stufe 1', 'Stufe 2', 'Stufe 1', 'Stufe 2', 'Stufe 1', 'Stufe 2', 'Stufe 1', 'Stufe 2', 'Stufe 1', 'Stufe 2', 'Stufe 1', 'Stufe 2', 'Dif.']
2025-05-28 21:50:34,888 - pdf_pipeline - DEBUG - Effective data rows for processing: 29
2025-05-28 21:50:34,889 - pdf_pipeline - DEBUG - is_both_treatment flag: True (secondary_header_row_used: True), config treatment: both
2025-05-28 21:50:34,889 - pdf_pipeline - INFO - Extracting trial names for 'both treatments' table structure.
2025-05-28 21:50:34,890 - pdf_pipeline - INFO - Found trial: 'BIT / Brecht' (from header 'BIT / Brecht' at h_idx 2). Stufe 1 data col: 2, Stufe 2 data col: 3.
2025-05-28 21:50:34,890 - pdf_pipeline - INFO - Found trial: 'MT / Nomborn' (from header 'MT / Nomborn' at h_idx 4). Stufe 1 data col: 4, Stufe 2 data col: 5.
2025-05-28 21:50:34,891 - pdf_pipeline - INFO - Found trial: 'MÜ / Biedesheim' (from header 'MÜ / Biedesheim' at h_idx 6). Stufe 1 data col: 6, Stufe 2 data col: 7.
2025-05-28 21:50:34,891 - pdf_pipeline - INFO - Found trial: 'NW / Herx- heim' (from header 'NW / Herx- heim' at h_idx 8). Stufe 1 data col: 8, Stufe 2 data col: 9.
2025-05-28 21:50:34,892 - pdf_pipeline - DEBUG - Excluding data columns for 'KH / Wallertheim' (from 'KH / Wallertheim' at header index 10): data indices 10, 11.
2025-05-28 21:50:34,892 - pdf_pipeline - INFO - Found trial: 'SIM / Kümbdchen' (from header 'SIM / Kümbdchen' at h_idx 12). Stufe 1 data col: 12, Stufe 2 data col: 13.
2025-05-28 21:50:34,893 - pdf_pipeline - DEBUG - Excluding data columns for 'Mittelwert' (from 'Mittel' at header index 14): data indices 14, 15.
2025-05-28 21:50:34,893 - pdf_pipeline - INFO - Final extracted trial_names: [(2, 3, 'BIT / Brecht'), (4, 5, 'MT / Nomborn'), (6, 7, 'MÜ / Biedesheim'), (8, 9, 'NW / Herx- heim'), (12, 13, 'SIM / Kümbdchen')]
2025-05-28 21:50:34,894 - pdf_pipeline - INFO - Excluded data column indices: [10, 11, 14, 15]
2025-05-28 21:50:34,895 - pdf_pipeline - INFO - Processing variety: 'Debian' at data_row index 0
2025-05-28 21:50:34,895 - pdf_pipeline - DEBUG - Added: Var=Debian, Loc=BIT / Brecht, Treat=intensive, Val=75.7
2025-05-28 21:50:34,896 - pdf_pipeline - DEBUG - Added: Var=Debian, Loc=BIT / Brecht, Treat=extensive, Val=82.2
2025-05-28 21:50:34,896 - pdf_pipeline - DEBUG - Added: Var=Debian, Loc=MT / Nomborn, Treat=intensive, Val=107.8
2025-05-28 21:50:34,896 - pdf_pipeline - DEBUG - Added: Var=Debian, Loc=MT / Nomborn, Treat=extensive, Val=111.2
2025-05-28 21:50:34,897 - pdf_pipeline - DEBUG - Added: Var=Debian, Loc=MÜ / Biedesheim, Treat=intensive, Val=91.6
2025-05-28 21:50:34,897 - pdf_pipeline - DEBUG - Added: Var=Debian, Loc=MÜ / Biedesheim, Treat=extensive, Val=97.5
2025-05-28 21:50:34,898 - pdf_pipeline - DEBUG - Added: Var=Debian, Loc=NW / Herx- heim, Treat=intensive, Val=103.4
2025-05-28 21:50:34,898 - pdf_pipeline - DEBUG - Added: Var=Debian, Loc=NW / Herx- heim, Treat=extensive, Val=108.9
2025-05-28 21:50:34,899 - pdf_pipeline - DEBUG - Added: Var=Debian, Loc=SIM / Kümbdchen, Treat=intensive, Val=80.6
2025-05-28 21:50:34,901 - pdf_pipeline - DEBUG - Added: Var=Debian, Loc=SIM / Kümbdchen, Treat=extensive, Val=87.5
2025-05-28 21:50:34,901 - pdf_pipeline - INFO - Processing variety: 'KWS Mintum' at data_row index 1
2025-05-28 21:50:34,902 - pdf_pipeline - DEBUG - Added: Var=KWS Mintum, Loc=BIT / Brecht, Treat=intensive, Val=75.2
2025-05-28 21:50:34,903 - pdf_pipeline - DEBUG - Added: Var=KWS Mintum, Loc=BIT / Brecht, Treat=extensive, Val=80.3
2025-05-28 21:50:34,903 - pdf_pipeline - DEBUG - Added: Var=KWS Mintum, Loc=MT / Nomborn, Treat=intensive, Val=104.1
2025-05-28 21:50:34,904 - pdf_pipeline - DEBUG - Added: Var=KWS Mintum, Loc=MT / Nomborn, Treat=extensive, Val=106.5
2025-05-28 21:50:34,904 - pdf_pipeline - DEBUG - Added: Var=KWS Mintum, Loc=MÜ / Biedesheim, Treat=intensive, Val=86.2
2025-05-28 21:50:34,905 - pdf_pipeline - DEBUG - Added: Var=KWS Mintum, Loc=MÜ / Biedesheim, Treat=extensive, Val=94.4
2025-05-28 21:50:34,905 - pdf_pipeline - DEBUG - Added: Var=KWS Mintum, Loc=NW / Herx- heim, Treat=intensive, Val=98.4
2025-05-28 21:50:34,905 - pdf_pipeline - DEBUG - Added: Var=KWS Mintum, Loc=NW / Herx- heim, Treat=extensive, Val=109.9
2025-05-28 21:50:34,906 - pdf_pipeline - DEBUG - Added: Var=KWS Mintum, Loc=SIM / Kümbdchen, Treat=intensive, Val=85.8
2025-05-28 21:50:34,906 - pdf_pipeline - DEBUG - Added: Var=KWS Mintum, Loc=SIM / Kümbdchen, Treat=extensive, Val=91.3
2025-05-28 21:50:34,907 - pdf_pipeline - INFO - Processing variety: 'KWS Keitum' at data_row index 2
2025-05-28 21:50:34,907 - pdf_pipeline - DEBUG - Added: Var=KWS Keitum, Loc=BIT / Brecht, Treat=intensive, Val=73.8
2025-05-28 21:50:34,907 - pdf_pipeline - DEBUG - Added: Var=KWS Keitum, Loc=BIT / Brecht, Treat=extensive, Val=78.8
2025-05-28 21:50:34,908 - pdf_pipeline - DEBUG - Added: Var=KWS Keitum, Loc=MT / Nomborn, Treat=intensive, Val=93.7
2025-05-28 21:50:34,908 - pdf_pipeline - DEBUG - Added: Var=KWS Keitum, Loc=MT / Nomborn, Treat=extensive, Val=108.5
2025-05-28 21:50:34,909 - pdf_pipeline - DEBUG - Added: Var=KWS Keitum, Loc=MÜ / Biedesheim, Treat=intensive, Val=84.7
2025-05-28 21:50:34,910 - pdf_pipeline - DEBUG - Added: Var=KWS Keitum, Loc=MÜ / Biedesheim, Treat=extensive, Val=94.0
2025-05-28 21:50:34,910 - pdf_pipeline - DEBUG - Added: Var=KWS Keitum, Loc=NW / Herx- heim, Treat=intensive, Val=95.7
2025-05-28 21:50:34,911 - pdf_pipeline - DEBUG - Added: Var=KWS Keitum, Loc=NW / Herx- heim, Treat=extensive, Val=111.7
2025-05-28 21:50:34,911 - pdf_pipeline - DEBUG - Added: Var=KWS Keitum, Loc=SIM / Kümbdchen, Treat=intensive, Val=91.9
2025-05-28 21:50:34,912 - pdf_pipeline - DEBUG - Added: Var=KWS Keitum, Loc=SIM / Kümbdchen, Treat=extensive, Val=91.4
2025-05-28 21:50:34,912 - pdf_pipeline - INFO - Processing variety: 'KWS Imperium' at data_row index 3
2025-05-28 21:50:34,913 - pdf_pipeline - DEBUG - Added: Var=KWS Imperium, Loc=BIT / Brecht, Treat=intensive, Val=77.1
2025-05-28 21:50:34,913 - pdf_pipeline - DEBUG - Added: Var=KWS Imperium, Loc=BIT / Brecht, Treat=extensive, Val=75.7
2025-05-28 21:50:34,914 - pdf_pipeline - DEBUG - Added: Var=KWS Imperium, Loc=MT / Nomborn, Treat=intensive, Val=99.5
2025-05-28 21:50:34,914 - pdf_pipeline - DEBUG - Added: Var=KWS Imperium, Loc=MT / Nomborn, Treat=extensive, Val=100.6
2025-05-28 21:50:34,914 - pdf_pipeline - DEBUG - Added: Var=KWS Imperium, Loc=MÜ / Biedesheim, Treat=intensive, Val=86.4
2025-05-28 21:50:34,915 - pdf_pipeline - DEBUG - Added: Var=KWS Imperium, Loc=MÜ / Biedesheim, Treat=extensive, Val=87.7
2025-05-28 21:50:34,915 - pdf_pipeline - DEBUG - Added: Var=KWS Imperium, Loc=NW / Herx- heim, Treat=intensive, Val=96.5
2025-05-28 21:50:34,916 - pdf_pipeline - DEBUG - Added: Var=KWS Imperium, Loc=NW / Herx- heim, Treat=extensive, Val=105.6
2025-05-28 21:50:34,916 - pdf_pipeline - DEBUG - Added: Var=KWS Imperium, Loc=SIM / Kümbdchen, Treat=intensive, Val=83.5
2025-05-28 21:50:34,917 - pdf_pipeline - DEBUG - Added: Var=KWS Imperium, Loc=SIM / Kümbdchen, Treat=extensive, Val=88.9
2025-05-28 21:50:34,917 - pdf_pipeline - INFO - Processing variety: 'Chevignon (EU)' at data_row index 4
2025-05-28 21:50:34,917 - pdf_pipeline - DEBUG - Added: Var=Chevignon (EU), Loc=BIT / Brecht, Treat=intensive, Val=79.0
2025-05-28 21:50:34,918 - pdf_pipeline - DEBUG - Added: Var=Chevignon (EU), Loc=BIT / Brecht, Treat=extensive, Val=80.9
2025-05-28 21:50:34,918 - pdf_pipeline - DEBUG - Added: Var=Chevignon (EU), Loc=MT / Nomborn, Treat=intensive, Val=101.3
2025-05-28 21:50:34,919 - pdf_pipeline - DEBUG - Added: Var=Chevignon (EU), Loc=MT / Nomborn, Treat=extensive, Val=109.5
2025-05-28 21:50:34,919 - pdf_pipeline - DEBUG - Added: Var=Chevignon (EU), Loc=MÜ / Biedesheim, Treat=intensive, Val=83.6
2025-05-28 21:50:34,920 - pdf_pipeline - DEBUG - Added: Var=Chevignon (EU), Loc=MÜ / Biedesheim, Treat=extensive, Val=88.8
2025-05-28 21:50:34,920 - pdf_pipeline - DEBUG - Added: Var=Chevignon (EU), Loc=NW / Herx- heim, Treat=intensive, Val=98.8
2025-05-28 21:50:34,921 - pdf_pipeline - DEBUG - Added: Var=Chevignon (EU), Loc=NW / Herx- heim, Treat=extensive, Val=110.9
2025-05-28 21:50:34,921 - pdf_pipeline - DEBUG - Added: Var=Chevignon (EU), Loc=SIM / Kümbdchen, Treat=intensive, Val=83.2
2025-05-28 21:50:34,922 - pdf_pipeline - DEBUG - Added: Var=Chevignon (EU), Loc=SIM / Kümbdchen, Treat=extensive, Val=91.1
2025-05-28 21:50:34,922 - pdf_pipeline - INFO - Processing variety: 'Revolver' at data_row index 5
2025-05-28 21:50:34,923 - pdf_pipeline - DEBUG - Added: Var=Revolver, Loc=BIT / Brecht, Treat=intensive, Val=70.1
2025-05-28 21:50:34,923 - pdf_pipeline - DEBUG - Added: Var=Revolver, Loc=BIT / Brecht, Treat=extensive, Val=70.2
2025-05-28 21:50:34,923 - pdf_pipeline - DEBUG - Added: Var=Revolver, Loc=MT / Nomborn, Treat=intensive, Val=100.8
2025-05-28 21:50:34,924 - pdf_pipeline - DEBUG - Added: Var=Revolver, Loc=MT / Nomborn, Treat=extensive, Val=104.1
2025-05-28 21:50:34,924 - pdf_pipeline - DEBUG - Added: Var=Revolver, Loc=MÜ / Biedesheim, Treat=intensive, Val=87.8
2025-05-28 21:50:34,925 - pdf_pipeline - DEBUG - Added: Var=Revolver, Loc=MÜ / Biedesheim, Treat=extensive, Val=88.2
2025-05-28 21:50:34,925 - pdf_pipeline - DEBUG - Added: Var=Revolver, Loc=NW / Herx- heim, Treat=intensive, Val=99.1
2025-05-28 21:50:34,926 - pdf_pipeline - DEBUG - Added: Var=Revolver, Loc=NW / Herx- heim, Treat=extensive, Val=99.0
2025-05-28 21:50:34,926 - pdf_pipeline - DEBUG - Added: Var=Revolver, Loc=SIM / Kümbdchen, Treat=intensive, Val=79.0
2025-05-28 21:50:34,927 - pdf_pipeline - DEBUG - Added: Var=Revolver, Loc=SIM / Kümbdchen, Treat=extensive, Val=85.1
2025-05-28 21:50:34,927 - pdf_pipeline - INFO - Processing variety: 'Spectral' at data_row index 6
2025-05-28 21:50:34,927 - pdf_pipeline - DEBUG - Added: Var=Spectral, Loc=BIT / Brecht, Treat=intensive, Val=72.1
2025-05-28 21:50:34,928 - pdf_pipeline - DEBUG - Added: Var=Spectral, Loc=BIT / Brecht, Treat=extensive, Val=76.3
2025-05-28 21:50:34,928 - pdf_pipeline - DEBUG - Added: Var=Spectral, Loc=MT / Nomborn, Treat=intensive, Val=102.6
2025-05-28 21:50:34,929 - pdf_pipeline - DEBUG - Added: Var=Spectral, Loc=MT / Nomborn, Treat=extensive, Val=105.1
2025-05-28 21:50:34,933 - pdf_pipeline - DEBUG - Added: Var=Spectral, Loc=MÜ / Biedesheim, Treat=intensive, Val=80.9
2025-05-28 21:50:34,934 - pdf_pipeline - DEBUG - Added: Var=Spectral, Loc=MÜ / Biedesheim, Treat=extensive, Val=90.6
2025-05-28 21:50:34,935 - pdf_pipeline - DEBUG - Added: Var=Spectral, Loc=NW / Herx- heim, Treat=intensive, Val=91.6
2025-05-28 21:50:34,935 - pdf_pipeline - DEBUG - Added: Var=Spectral, Loc=NW / Herx- heim, Treat=extensive, Val=104.7
2025-05-28 21:50:34,936 - pdf_pipeline - DEBUG - Added: Var=Spectral, Loc=SIM / Kümbdchen, Treat=intensive, Val=83.9
2025-05-28 21:50:34,936 - pdf_pipeline - DEBUG - Added: Var=Spectral, Loc=SIM / Kümbdchen, Treat=extensive, Val=88.5
2025-05-28 21:50:34,937 - pdf_pipeline - INFO - Processing variety: 'Knut' at data_row index 7
2025-05-28 21:50:34,938 - pdf_pipeline - DEBUG - Added: Var=Knut, Loc=BIT / Brecht, Treat=intensive, Val=70.5
2025-05-28 21:50:34,938 - pdf_pipeline - DEBUG - Added: Var=Knut, Loc=BIT / Brecht, Treat=extensive, Val=69.0
2025-05-28 21:50:34,944 - pdf_pipeline - DEBUG - Added: Var=Knut, Loc=MT / Nomborn, Treat=intensive, Val=102.4
2025-05-28 21:50:34,944 - pdf_pipeline - DEBUG - Added: Var=Knut, Loc=MT / Nomborn, Treat=extensive, Val=106.3
2025-05-28 21:50:34,945 - pdf_pipeline - DEBUG - Added: Var=Knut, Loc=MÜ / Biedesheim, Treat=intensive, Val=80.0
2025-05-28 21:50:34,945 - pdf_pipeline - DEBUG - Added: Var=Knut, Loc=MÜ / Biedesheim, Treat=extensive, Val=86.4
2025-05-28 21:50:34,946 - pdf_pipeline - DEBUG - Added: Var=Knut, Loc=NW / Herx- heim, Treat=intensive, Val=98.9
2025-05-28 21:50:34,946 - pdf_pipeline - DEBUG - Added: Var=Knut, Loc=NW / Herx- heim, Treat=extensive, Val=96.0
2025-05-28 21:50:34,947 - pdf_pipeline - DEBUG - Added: Var=Knut, Loc=SIM / Kümbdchen, Treat=intensive, Val=77.5
2025-05-28 21:50:34,947 - pdf_pipeline - DEBUG - Added: Var=Knut, Loc=SIM / Kümbdchen, Treat=extensive, Val=87.1
2025-05-28 21:50:34,948 - pdf_pipeline - INFO - Processing variety: 'Hyvega H' at data_row index 8
2025-05-28 21:50:34,948 - pdf_pipeline - DEBUG - Added: Var=Hyvega H, Loc=BIT / Brecht, Treat=intensive, Val=76.0
2025-05-28 21:50:34,948 - pdf_pipeline - DEBUG - Added: Var=Hyvega H, Loc=BIT / Brecht, Treat=extensive, Val=76.2
2025-05-28 21:50:34,949 - pdf_pipeline - DEBUG - Added: Var=Hyvega H, Loc=MT / Nomborn, Treat=intensive, Val=99.8
2025-05-28 21:50:34,949 - pdf_pipeline - DEBUG - Added: Var=Hyvega H, Loc=MT / Nomborn, Treat=extensive, Val=105.0
2025-05-28 21:50:34,950 - pdf_pipeline - DEBUG - Added: Var=Hyvega H, Loc=MÜ / Biedesheim, Treat=intensive, Val=82.1
2025-05-28 21:50:34,950 - pdf_pipeline - DEBUG - Added: Var=Hyvega H, Loc=MÜ / Biedesheim, Treat=extensive, Val=89.5
2025-05-28 21:50:34,951 - pdf_pipeline - DEBUG - Added: Var=Hyvega H, Loc=NW / Herx- heim, Treat=intensive, Val=88.4
2025-05-28 21:50:34,951 - pdf_pipeline - DEBUG - Added: Var=Hyvega H, Loc=NW / Herx- heim, Treat=extensive, Val=104.4
2025-05-28 21:50:34,952 - pdf_pipeline - DEBUG - Added: Var=Hyvega H, Loc=SIM / Kümbdchen, Treat=intensive, Val=83.5
2025-05-28 21:50:34,952 - pdf_pipeline - DEBUG - Added: Var=Hyvega H, Loc=SIM / Kümbdchen, Treat=extensive, Val=89.9
2025-05-28 21:50:34,953 - pdf_pipeline - INFO - Processing variety: 'Attribut' at data_row index 9
2025-05-28 21:50:34,953 - pdf_pipeline - DEBUG - Added: Var=Attribut, Loc=BIT / Brecht, Treat=intensive, Val=72.3
2025-05-28 21:50:34,953 - pdf_pipeline - DEBUG - Added: Var=Attribut, Loc=BIT / Brecht, Treat=extensive, Val=73.0
2025-05-28 21:50:34,954 - pdf_pipeline - DEBUG - Added: Var=Attribut, Loc=MT / Nomborn, Treat=intensive, Val=101.3
2025-05-28 21:50:34,954 - pdf_pipeline - DEBUG - Added: Var=Attribut, Loc=MT / Nomborn, Treat=extensive, Val=100.7
2025-05-28 21:50:34,955 - pdf_pipeline - DEBUG - Added: Var=Attribut, Loc=MÜ / Biedesheim, Treat=intensive, Val=83.2
2025-05-28 21:50:34,955 - pdf_pipeline - DEBUG - Added: Var=Attribut, Loc=MÜ / Biedesheim, Treat=extensive, Val=86.5
2025-05-28 21:50:34,956 - pdf_pipeline - DEBUG - Added: Var=Attribut, Loc=NW / Herx- heim, Treat=intensive, Val=93.1
2025-05-28 21:50:34,956 - pdf_pipeline - DEBUG - Added: Var=Attribut, Loc=NW / Herx- heim, Treat=extensive, Val=97.6
2025-05-28 21:50:34,956 - pdf_pipeline - DEBUG - Added: Var=Attribut, Loc=SIM / Kümbdchen, Treat=intensive, Val=81.0
2025-05-28 21:50:34,957 - pdf_pipeline - DEBUG - Added: Var=Attribut, Loc=SIM / Kümbdchen, Treat=extensive, Val=85.2
2025-05-28 21:50:34,957 - pdf_pipeline - INFO - Processing variety: 'Polarkap' at data_row index 10
2025-05-28 21:50:34,958 - pdf_pipeline - DEBUG - Added: Var=Polarkap, Loc=BIT / Brecht, Treat=intensive, Val=74.3
2025-05-28 21:50:34,958 - pdf_pipeline - DEBUG - Added: Var=Polarkap, Loc=BIT / Brecht, Treat=extensive, Val=77.2
2025-05-28 21:50:34,959 - pdf_pipeline - DEBUG - Added: Var=Polarkap, Loc=MT / Nomborn, Treat=intensive, Val=99.2
2025-05-28 21:50:34,959 - pdf_pipeline - DEBUG - Added: Var=Polarkap, Loc=MT / Nomborn, Treat=extensive, Val=101.8
2025-05-28 21:50:34,960 - pdf_pipeline - DEBUG - Added: Var=Polarkap, Loc=MÜ / Biedesheim, Treat=intensive, Val=81.7
2025-05-28 21:50:34,960 - pdf_pipeline - DEBUG - Added: Var=Polarkap, Loc=MÜ / Biedesheim, Treat=extensive, Val=84.3
2025-05-28 21:50:34,961 - pdf_pipeline - DEBUG - Added: Var=Polarkap, Loc=NW / Herx- heim, Treat=intensive, Val=93.9
2025-05-28 21:50:34,961 - pdf_pipeline - DEBUG - Added: Var=Polarkap, Loc=NW / Herx- heim, Treat=extensive, Val=96.2
2025-05-28 21:50:34,962 - pdf_pipeline - DEBUG - Added: Var=Polarkap, Loc=SIM / Kümbdchen, Treat=intensive, Val=77.3
2025-05-28 21:50:34,962 - pdf_pipeline - DEBUG - Added: Var=Polarkap, Loc=SIM / Kümbdchen, Treat=extensive, Val=83.6
2025-05-28 21:50:34,962 - pdf_pipeline - INFO - Processing variety: 'KWS Emerick' at data_row index 11
2025-05-28 21:50:34,963 - pdf_pipeline - DEBUG - Added: Var=KWS Emerick, Loc=BIT / Brecht, Treat=intensive, Val=72.4
2025-05-28 21:50:34,963 - pdf_pipeline - DEBUG - Added: Var=KWS Emerick, Loc=BIT / Brecht, Treat=extensive, Val=77.4
2025-05-28 21:50:34,964 - pdf_pipeline - DEBUG - Added: Var=KWS Emerick, Loc=MT / Nomborn, Treat=intensive, Val=92.9
2025-05-28 21:50:34,964 - pdf_pipeline - DEBUG - Added: Var=KWS Emerick, Loc=MT / Nomborn, Treat=extensive, Val=98.1
2025-05-28 21:50:34,965 - pdf_pipeline - DEBUG - Added: Var=KWS Emerick, Loc=MÜ / Biedesheim, Treat=intensive, Val=77.9
2025-05-28 21:50:34,965 - pdf_pipeline - DEBUG - Added: Var=KWS Emerick, Loc=MÜ / Biedesheim, Treat=extensive, Val=82.3
2025-05-28 21:50:34,965 - pdf_pipeline - DEBUG - Added: Var=KWS Emerick, Loc=NW / Herx- heim, Treat=intensive, Val=94.9
2025-05-28 21:50:34,966 - pdf_pipeline - DEBUG - Added: Var=KWS Emerick, Loc=NW / Herx- heim, Treat=extensive, Val=102.9
2025-05-28 21:50:34,966 - pdf_pipeline - DEBUG - Added: Var=KWS Emerick, Loc=SIM / Kümbdchen, Treat=intensive, Val=79.9
2025-05-28 21:50:34,967 - pdf_pipeline - DEBUG - Added: Var=KWS Emerick, Loc=SIM / Kümbdchen, Treat=extensive, Val=87.8
2025-05-28 21:50:34,967 - pdf_pipeline - INFO - Processing variety: 'SU Jonte' at data_row index 12
2025-05-28 21:50:34,968 - pdf_pipeline - DEBUG - Added: Var=SU Jonte, Loc=BIT / Brecht, Treat=intensive, Val=71.8
2025-05-28 21:50:34,968 - pdf_pipeline - DEBUG - Added: Var=SU Jonte, Loc=BIT / Brecht, Treat=extensive, Val=73.9
2025-05-28 21:50:34,969 - pdf_pipeline - DEBUG - Added: Var=SU Jonte, Loc=MT / Nomborn, Treat=intensive, Val=95.7
2025-05-28 21:50:34,969 - pdf_pipeline - DEBUG - Added: Var=SU Jonte, Loc=MT / Nomborn, Treat=extensive, Val=96.2
2025-05-28 21:50:34,969 - pdf_pipeline - DEBUG - Added: Var=SU Jonte, Loc=MÜ / Biedesheim, Treat=intensive, Val=82.1
2025-05-28 21:50:34,970 - pdf_pipeline - DEBUG - Added: Var=SU Jonte, Loc=MÜ / Biedesheim, Treat=extensive, Val=88.1
2025-05-28 21:50:34,970 - pdf_pipeline - DEBUG - Added: Var=SU Jonte, Loc=NW / Herx- heim, Treat=intensive, Val=95.1
2025-05-28 21:50:34,971 - pdf_pipeline - DEBUG - Added: Var=SU Jonte, Loc=NW / Herx- heim, Treat=extensive, Val=97.8
2025-05-28 21:50:34,971 - pdf_pipeline - DEBUG - Added: Var=SU Jonte, Loc=SIM / Kümbdchen, Treat=intensive, Val=73.9
2025-05-28 21:50:34,972 - pdf_pipeline - DEBUG - Added: Var=SU Jonte, Loc=SIM / Kümbdchen, Treat=extensive, Val=81.6
2025-05-28 21:50:34,972 - pdf_pipeline - INFO - Processing variety: 'Exsal' at data_row index 13
2025-05-28 21:50:34,972 - pdf_pipeline - DEBUG - Added: Var=Exsal, Loc=BIT / Brecht, Treat=intensive, Val=74.3
2025-05-28 21:50:34,973 - pdf_pipeline - DEBUG - Added: Var=Exsal, Loc=BIT / Brecht, Treat=extensive, Val=75.0
2025-05-28 21:50:34,973 - pdf_pipeline - DEBUG - Added: Var=Exsal, Loc=MT / Nomborn, Treat=intensive, Val=90.4
2025-05-28 21:50:34,974 - pdf_pipeline - DEBUG - Added: Var=Exsal, Loc=MT / Nomborn, Treat=extensive, Val=100.8
2025-05-28 21:50:34,974 - pdf_pipeline - DEBUG - Added: Var=Exsal, Loc=MÜ / Biedesheim, Treat=intensive, Val=80.6
2025-05-28 21:50:34,975 - pdf_pipeline - DEBUG - Added: Var=Exsal, Loc=MÜ / Biedesheim, Treat=extensive, Val=86.5
2025-05-28 21:50:34,975 - pdf_pipeline - DEBUG - Added: Var=Exsal, Loc=NW / Herx- heim, Treat=intensive, Val=92.6
2025-05-28 21:50:34,975 - pdf_pipeline - DEBUG - Added: Var=Exsal, Loc=NW / Herx- heim, Treat=extensive, Val=97.2
2025-05-28 21:50:34,976 - pdf_pipeline - DEBUG - Added: Var=Exsal, Loc=SIM / Kümbdchen, Treat=intensive, Val=72.3
2025-05-28 21:50:34,976 - pdf_pipeline - DEBUG - Added: Var=Exsal, Loc=SIM / Kümbdchen, Treat=extensive, Val=82.5
2025-05-28 21:50:34,977 - pdf_pipeline - INFO - Processing variety: 'Asory' at data_row index 14
2025-05-28 21:50:34,977 - pdf_pipeline - DEBUG - Added: Var=Asory, Loc=BIT / Brecht, Treat=intensive, Val=77.0
2025-05-28 21:50:34,978 - pdf_pipeline - DEBUG - Added: Var=Asory, Loc=BIT / Brecht, Treat=extensive, Val=75.8
2025-05-28 21:50:34,978 - pdf_pipeline - DEBUG - Added: Var=Asory, Loc=MT / Nomborn, Treat=intensive, Val=90.9
2025-05-28 21:50:34,979 - pdf_pipeline - DEBUG - Added: Var=Asory, Loc=MT / Nomborn, Treat=extensive, Val=93.0
2025-05-28 21:50:34,979 - pdf_pipeline - DEBUG - Added: Var=Asory, Loc=MÜ / Biedesheim, Treat=intensive, Val=75.2
2025-05-28 21:50:34,979 - pdf_pipeline - DEBUG - Added: Var=Asory, Loc=MÜ / Biedesheim, Treat=extensive, Val=76.7
2025-05-28 21:50:34,980 - pdf_pipeline - DEBUG - Added: Var=Asory, Loc=NW / Herx- heim, Treat=intensive, Val=93.7
2025-05-28 21:50:34,980 - pdf_pipeline - DEBUG - Added: Var=Asory, Loc=NW / Herx- heim, Treat=extensive, Val=103.7
2025-05-28 21:50:34,981 - pdf_pipeline - DEBUG - Added: Var=Asory, Loc=SIM / Kümbdchen, Treat=intensive, Val=75.1
2025-05-28 21:50:34,981 - pdf_pipeline - DEBUG - Added: Var=Asory, Loc=SIM / Kümbdchen, Treat=extensive, Val=83.9
2025-05-28 21:50:34,981 - pdf_pipeline - INFO - Processing variety: 'Absint' at data_row index 15
2025-05-28 21:50:34,982 - pdf_pipeline - DEBUG - Added: Var=Absint, Loc=BIT / Brecht, Treat=intensive, Val=66.8
2025-05-28 21:50:34,982 - pdf_pipeline - DEBUG - Added: Var=Absint, Loc=BIT / Brecht, Treat=extensive, Val=71.7
2025-05-28 21:50:34,983 - pdf_pipeline - DEBUG - Added: Var=Absint, Loc=MT / Nomborn, Treat=intensive, Val=90.6
2025-05-28 21:50:34,983 - pdf_pipeline - DEBUG - Added: Var=Absint, Loc=MT / Nomborn, Treat=extensive, Val=94.0
2025-05-28 21:50:34,984 - pdf_pipeline - DEBUG - Added: Var=Absint, Loc=MÜ / Biedesheim, Treat=intensive, Val=78.6
2025-05-28 21:50:34,985 - pdf_pipeline - DEBUG - Added: Var=Absint, Loc=MÜ / Biedesheim, Treat=extensive, Val=83.9
2025-05-28 21:50:34,985 - pdf_pipeline - DEBUG - Added: Var=Absint, Loc=NW / Herx- heim, Treat=intensive, Val=95.1
2025-05-28 21:50:34,985 - pdf_pipeline - DEBUG - Added: Var=Absint, Loc=NW / Herx- heim, Treat=extensive, Val=96.4
2025-05-28 21:50:34,986 - pdf_pipeline - DEBUG - Added: Var=Absint, Loc=SIM / Kümbdchen, Treat=intensive, Val=79.8
2025-05-28 21:50:34,986 - pdf_pipeline - DEBUG - Added: Var=Absint, Loc=SIM / Kümbdchen, Treat=extensive, Val=85.6
2025-05-28 21:50:34,987 - pdf_pipeline - INFO - Processing variety: 'Cayenne' at data_row index 16
2025-05-28 21:50:34,987 - pdf_pipeline - DEBUG - Added: Var=Cayenne, Loc=BIT / Brecht, Treat=intensive, Val=75.5
2025-05-28 21:50:34,988 - pdf_pipeline - DEBUG - Added: Var=Cayenne, Loc=BIT / Brecht, Treat=extensive, Val=75.3
2025-05-28 21:50:34,988 - pdf_pipeline - DEBUG - Added: Var=Cayenne, Loc=MT / Nomborn, Treat=intensive, Val=96.3
2025-05-28 21:50:34,988 - pdf_pipeline - DEBUG - Added: Var=Cayenne, Loc=MT / Nomborn, Treat=extensive, Val=97.0
2025-05-28 21:50:34,989 - pdf_pipeline - DEBUG - Added: Var=Cayenne, Loc=MÜ / Biedesheim, Treat=intensive, Val=78.6
2025-05-28 21:50:34,989 - pdf_pipeline - DEBUG - Added: Var=Cayenne, Loc=MÜ / Biedesheim, Treat=extensive, Val=79.1
2025-05-28 21:50:34,990 - pdf_pipeline - DEBUG - Added: Var=Cayenne, Loc=NW / Herx- heim, Treat=intensive, Val=84.9
2025-05-28 21:50:34,990 - pdf_pipeline - DEBUG - Added: Var=Cayenne, Loc=NW / Herx- heim, Treat=extensive, Val=91.6
2025-05-28 21:50:34,990 - pdf_pipeline - DEBUG - Added: Var=Cayenne, Loc=SIM / Kümbdchen, Treat=intensive, Val=76.6
2025-05-28 21:50:34,991 - pdf_pipeline - DEBUG - Added: Var=Cayenne, Loc=SIM / Kümbdchen, Treat=extensive, Val=84.0
2025-05-28 21:50:34,991 - pdf_pipeline - INFO - Processing variety: 'SU Willem' at data_row index 17
2025-05-28 21:50:34,992 - pdf_pipeline - DEBUG - Added: Var=SU Willem, Loc=BIT / Brecht, Treat=intensive, Val=75.9
2025-05-28 21:50:34,992 - pdf_pipeline - DEBUG - Added: Var=SU Willem, Loc=BIT / Brecht, Treat=extensive, Val=77.4
2025-05-28 21:50:34,993 - pdf_pipeline - DEBUG - Added: Var=SU Willem, Loc=MT / Nomborn, Treat=intensive, Val=96.5
2025-05-28 21:50:34,993 - pdf_pipeline - DEBUG - Added: Var=SU Willem, Loc=MT / Nomborn, Treat=extensive, Val=110.1
2025-05-28 21:50:34,994 - pdf_pipeline - DEBUG - Added: Var=SU Willem, Loc=MÜ / Biedesheim, Treat=intensive, Val=75.6
2025-05-28 21:50:34,994 - pdf_pipeline - DEBUG - Added: Var=SU Willem, Loc=MÜ / Biedesheim, Treat=extensive, Val=85.4
2025-05-28 21:50:34,995 - pdf_pipeline - DEBUG - Added: Var=SU Willem, Loc=NW / Herx- heim, Treat=intensive, Val=82.1
2025-05-28 21:50:34,995 - pdf_pipeline - DEBUG - Added: Var=SU Willem, Loc=NW / Herx- heim, Treat=extensive, Val=96.0
2025-05-28 21:50:34,995 - pdf_pipeline - DEBUG - Added: Var=SU Willem, Loc=SIM / Kümbdchen, Treat=intensive, Val=81.0
2025-05-28 21:50:34,996 - pdf_pipeline - DEBUG - Added: Var=SU Willem, Loc=SIM / Kümbdchen, Treat=extensive, Val=89.3
2025-05-28 21:50:34,996 - pdf_pipeline - INFO - Processing variety: 'RGT Reform' at data_row index 18
2025-05-28 21:50:34,997 - pdf_pipeline - DEBUG - Added: Var=RGT Reform, Loc=BIT / Brecht, Treat=intensive, Val=70.0
2025-05-28 21:50:34,997 - pdf_pipeline - DEBUG - Added: Var=RGT Reform, Loc=BIT / Brecht, Treat=extensive, Val=74.5
2025-05-28 21:50:34,998 - pdf_pipeline - DEBUG - Added: Var=RGT Reform, Loc=MT / Nomborn, Treat=intensive, Val=92.1
2025-05-28 21:50:34,998 - pdf_pipeline - DEBUG - Added: Var=RGT Reform, Loc=MT / Nomborn, Treat=extensive, Val=97.1
2025-05-28 21:50:34,998 - pdf_pipeline - DEBUG - Added: Var=RGT Reform, Loc=MÜ / Biedesheim, Treat=intensive, Val=79.0
2025-05-28 21:50:34,999 - pdf_pipeline - DEBUG - Added: Var=RGT Reform, Loc=MÜ / Biedesheim, Treat=extensive, Val=83.2
2025-05-28 21:50:35,001 - pdf_pipeline - DEBUG - Added: Var=RGT Reform, Loc=NW / Herx- heim, Treat=intensive, Val=90.7
2025-05-28 21:50:35,002 - pdf_pipeline - DEBUG - Added: Var=RGT Reform, Loc=NW / Herx- heim, Treat=extensive, Val=104.4
2025-05-28 21:50:35,002 - pdf_pipeline - DEBUG - Added: Var=RGT Reform, Loc=SIM / Kümbdchen, Treat=intensive, Val=75.6
2025-05-28 21:50:35,003 - pdf_pipeline - DEBUG - Added: Var=RGT Reform, Loc=SIM / Kümbdchen, Treat=extensive, Val=80.5
2025-05-28 21:50:35,003 - pdf_pipeline - INFO - Processing variety: 'Akzent' at data_row index 19
2025-05-28 21:50:35,003 - pdf_pipeline - DEBUG - Added: Var=Akzent, Loc=BIT / Brecht, Treat=intensive, Val=73.8
2025-05-28 21:50:35,004 - pdf_pipeline - DEBUG - Added: Var=Akzent, Loc=BIT / Brecht, Treat=extensive, Val=69.4
2025-05-28 21:50:35,004 - pdf_pipeline - DEBUG - Added: Var=Akzent, Loc=MT / Nomborn, Treat=intensive, Val=88.4
2025-05-28 21:50:35,005 - pdf_pipeline - DEBUG - Added: Var=Akzent, Loc=MT / Nomborn, Treat=extensive, Val=100.6
2025-05-28 21:50:35,005 - pdf_pipeline - DEBUG - Added: Var=Akzent, Loc=MÜ / Biedesheim, Treat=intensive, Val=75.4
2025-05-28 21:50:35,006 - pdf_pipeline - DEBUG - Added: Var=Akzent, Loc=MÜ / Biedesheim, Treat=extensive, Val=84.7
2025-05-28 21:50:35,006 - pdf_pipeline - DEBUG - Added: Var=Akzent, Loc=NW / Herx- heim, Treat=intensive, Val=87.6
2025-05-28 21:50:35,006 - pdf_pipeline - DEBUG - Added: Var=Akzent, Loc=NW / Herx- heim, Treat=extensive, Val=96.8
2025-05-28 21:50:35,007 - pdf_pipeline - DEBUG - Added: Var=Akzent, Loc=SIM / Kümbdchen, Treat=intensive, Val=77.7
2025-05-28 21:50:35,008 - pdf_pipeline - DEBUG - Added: Var=Akzent, Loc=SIM / Kümbdchen, Treat=extensive, Val=86.2
2025-05-28 21:50:35,008 - pdf_pipeline - INFO - Processing variety: 'KWS Mitchum' at data_row index 20
2025-05-28 21:50:35,009 - pdf_pipeline - DEBUG - Added: Var=KWS Mitchum, Loc=BIT / Brecht, Treat=intensive, Val=66.6
2025-05-28 21:50:35,009 - pdf_pipeline - DEBUG - Added: Var=KWS Mitchum, Loc=BIT / Brecht, Treat=extensive, Val=68.6
2025-05-28 21:50:35,010 - pdf_pipeline - DEBUG - Added: Var=KWS Mitchum, Loc=MT / Nomborn, Treat=intensive, Val=89.2
2025-05-28 21:50:35,010 - pdf_pipeline - DEBUG - Added: Var=KWS Mitchum, Loc=MT / Nomborn, Treat=extensive, Val=94.9
2025-05-28 21:50:35,011 - pdf_pipeline - DEBUG - Added: Var=KWS Mitchum, Loc=MÜ / Biedesheim, Treat=intensive, Val=72.0
2025-05-28 21:50:35,011 - pdf_pipeline - DEBUG - Added: Var=KWS Mitchum, Loc=MÜ / Biedesheim, Treat=extensive, Val=77.5
2025-05-28 21:50:35,012 - pdf_pipeline - DEBUG - Added: Var=KWS Mitchum, Loc=NW / Herx- heim, Treat=intensive, Val=91.9
2025-05-28 21:50:35,012 - pdf_pipeline - DEBUG - Added: Var=KWS Mitchum, Loc=NW / Herx- heim, Treat=extensive, Val=92.8
2025-05-28 21:50:35,013 - pdf_pipeline - DEBUG - Added: Var=KWS Mitchum, Loc=SIM / Kümbdchen, Treat=intensive, Val=76.6
2025-05-28 21:50:35,013 - pdf_pipeline - DEBUG - Added: Var=KWS Mitchum, Loc=SIM / Kümbdchen, Treat=extensive, Val=77.6
2025-05-28 21:50:35,014 - pdf_pipeline - INFO - Processing variety: 'Foxx g' at data_row index 21
2025-05-28 21:50:35,014 - pdf_pipeline - DEBUG - Added: Var=Foxx g, Loc=BIT / Brecht, Treat=intensive, Val=69.9
2025-05-28 21:50:35,014 - pdf_pipeline - DEBUG - Added: Var=Foxx g, Loc=BIT / Brecht, Treat=extensive, Val=72.2
2025-05-28 21:50:35,015 - pdf_pipeline - DEBUG - Added: Var=Foxx g, Loc=MT / Nomborn, Treat=intensive, Val=92.0
2025-05-28 21:50:35,015 - pdf_pipeline - DEBUG - Added: Var=Foxx g, Loc=MT / Nomborn, Treat=extensive, Val=97.1
2025-05-28 21:50:35,016 - pdf_pipeline - DEBUG - Added: Var=Foxx g, Loc=MÜ / Biedesheim, Treat=intensive, Val=73.7
2025-05-28 21:50:35,016 - pdf_pipeline - DEBUG - Added: Var=Foxx g, Loc=MÜ / Biedesheim, Treat=extensive, Val=80.5
2025-05-28 21:50:35,017 - pdf_pipeline - DEBUG - Added: Var=Foxx g, Loc=NW / Herx- heim, Treat=intensive, Val=84.6
2025-05-28 21:50:35,017 - pdf_pipeline - DEBUG - Added: Var=Foxx g, Loc=NW / Herx- heim, Treat=extensive, Val=97.9
2025-05-28 21:50:35,018 - pdf_pipeline - DEBUG - Added: Var=Foxx g, Loc=SIM / Kümbdchen, Treat=intensive, Val=78.4
2025-05-28 21:50:35,018 - pdf_pipeline - DEBUG - Added: Var=Foxx g, Loc=SIM / Kümbdchen, Treat=extensive, Val=85.6
2025-05-28 21:50:35,019 - pdf_pipeline - INFO - Processing variety: 'Absolut' at data_row index 22
2025-05-28 21:50:35,019 - pdf_pipeline - DEBUG - Added: Var=Absolut, Loc=BIT / Brecht, Treat=intensive, Val=59.6
2025-05-28 21:50:35,019 - pdf_pipeline - DEBUG - Added: Var=Absolut, Loc=BIT / Brecht, Treat=extensive, Val=61.8
2025-05-28 21:50:35,020 - pdf_pipeline - DEBUG - Added: Var=Absolut, Loc=MT / Nomborn, Treat=intensive, Val=85.7
2025-05-28 21:50:35,020 - pdf_pipeline - DEBUG - Added: Var=Absolut, Loc=MT / Nomborn, Treat=extensive, Val=91.0
2025-05-28 21:50:35,021 - pdf_pipeline - DEBUG - Added: Var=Absolut, Loc=MÜ / Biedesheim, Treat=intensive, Val=70.4
2025-05-28 21:50:35,021 - pdf_pipeline - DEBUG - Added: Var=Absolut, Loc=MÜ / Biedesheim, Treat=extensive, Val=79.5
2025-05-28 21:50:35,022 - pdf_pipeline - DEBUG - Added: Var=Absolut, Loc=NW / Herx- heim, Treat=intensive, Val=97.6
2025-05-28 21:50:35,022 - pdf_pipeline - DEBUG - Added: Var=Absolut, Loc=NW / Herx- heim, Treat=extensive, Val=103.8
2025-05-28 21:50:35,023 - pdf_pipeline - DEBUG - Added: Var=Absolut, Loc=SIM / Kümbdchen, Treat=intensive, Val=68.4
2025-05-28 21:50:35,023 - pdf_pipeline - DEBUG - Added: Var=Absolut, Loc=SIM / Kümbdchen, Treat=extensive, Val=77.9
2025-05-28 21:50:35,024 - pdf_pipeline - INFO - Processing variety: 'Informer' at data_row index 23
2025-05-28 21:50:35,024 - pdf_pipeline - DEBUG - Added: Var=Informer, Loc=BIT / Brecht, Treat=intensive, Val=70.7
2025-05-28 21:50:35,024 - pdf_pipeline - DEBUG - Added: Var=Informer, Loc=BIT / Brecht, Treat=extensive, Val=70.3
2025-05-28 21:50:35,025 - pdf_pipeline - DEBUG - Added: Var=Informer, Loc=MT / Nomborn, Treat=intensive, Val=92.3
2025-05-28 21:50:35,025 - pdf_pipeline - DEBUG - Added: Var=Informer, Loc=MT / Nomborn, Treat=extensive, Val=99.5
2025-05-28 21:50:35,026 - pdf_pipeline - DEBUG - Added: Var=Informer, Loc=MÜ / Biedesheim, Treat=intensive, Val=70.2
2025-05-28 21:50:35,026 - pdf_pipeline - DEBUG - Added: Var=Informer, Loc=MÜ / Biedesheim, Treat=extensive, Val=84.1
2025-05-28 21:50:35,027 - pdf_pipeline - DEBUG - Added: Var=Informer, Loc=NW / Herx- heim, Treat=intensive, Val=80.4
2025-05-28 21:50:35,027 - pdf_pipeline - DEBUG - Added: Var=Informer, Loc=NW / Herx- heim, Treat=extensive, Val=92.3
2025-05-28 21:50:35,027 - pdf_pipeline - DEBUG - Added: Var=Informer, Loc=SIM / Kümbdchen, Treat=intensive, Val=74.2
2025-05-28 21:50:35,028 - pdf_pipeline - DEBUG - Added: Var=Informer, Loc=SIM / Kümbdchen, Treat=extensive, Val=84.3
2025-05-28 21:50:35,028 - pdf_pipeline - INFO - Processing variety: 'Akasha' at data_row index 24
2025-05-28 21:50:35,029 - pdf_pipeline - DEBUG - Added: Var=Akasha, Loc=BIT / Brecht, Treat=intensive, Val=66.3
2025-05-28 21:50:35,029 - pdf_pipeline - DEBUG - Added: Var=Akasha, Loc=BIT / Brecht, Treat=extensive, Val=75.6
2025-05-28 21:50:35,030 - pdf_pipeline - DEBUG - Added: Var=Akasha, Loc=MT / Nomborn, Treat=intensive, Val=84.9
2025-05-28 21:50:35,030 - pdf_pipeline - DEBUG - Added: Var=Akasha, Loc=MT / Nomborn, Treat=extensive, Val=101.5
2025-05-28 21:50:35,030 - pdf_pipeline - DEBUG - Added: Var=Akasha, Loc=MÜ / Biedesheim, Treat=intensive, Val=76.7
2025-05-28 21:50:35,031 - pdf_pipeline - DEBUG - Added: Var=Akasha, Loc=MÜ / Biedesheim, Treat=extensive, Val=78.6
2025-05-28 21:50:35,031 - pdf_pipeline - DEBUG - Added: Var=Akasha, Loc=NW / Herx- heim, Treat=intensive, Val=84.3
2025-05-28 21:50:35,032 - pdf_pipeline - DEBUG - Added: Var=Akasha, Loc=NW / Herx- heim, Treat=extensive, Val=87.9
2025-05-28 21:50:35,032 - pdf_pipeline - DEBUG - Added: Var=Akasha, Loc=SIM / Kümbdchen, Treat=intensive, Val=74.1
2025-05-28 21:50:35,033 - pdf_pipeline - DEBUG - Added: Var=Akasha, Loc=SIM / Kümbdchen, Treat=extensive, Val=83.6
2025-05-28 21:50:35,033 - pdf_pipeline - INFO - Processing variety: 'KWS Donovan' at data_row index 25
2025-05-28 21:50:35,034 - pdf_pipeline - DEBUG - Added: Var=KWS Donovan, Loc=BIT / Brecht, Treat=intensive, Val=66.0
2025-05-28 21:50:35,034 - pdf_pipeline - DEBUG - Added: Var=KWS Donovan, Loc=BIT / Brecht, Treat=extensive, Val=77.8
2025-05-28 21:50:35,035 - pdf_pipeline - DEBUG - Added: Var=KWS Donovan, Loc=MT / Nomborn, Treat=intensive, Val=73.2
2025-05-28 21:50:35,035 - pdf_pipeline - DEBUG - Added: Var=KWS Donovan, Loc=MT / Nomborn, Treat=extensive, Val=105.7
2025-05-28 21:50:35,035 - pdf_pipeline - DEBUG - Added: Var=KWS Donovan, Loc=MÜ / Biedesheim, Treat=intensive, Val=66.1
2025-05-28 21:50:35,036 - pdf_pipeline - DEBUG - Added: Var=KWS Donovan, Loc=MÜ / Biedesheim, Treat=extensive, Val=86.5
2025-05-28 21:50:35,036 - pdf_pipeline - DEBUG - Added: Var=KWS Donovan, Loc=NW / Herx- heim, Treat=intensive, Val=60.8
2025-05-28 21:50:35,037 - pdf_pipeline - DEBUG - Added: Var=KWS Donovan, Loc=NW / Herx- heim, Treat=extensive, Val=88.0
2025-05-28 21:50:35,037 - pdf_pipeline - DEBUG - Added: Var=KWS Donovan, Loc=SIM / Kümbdchen, Treat=intensive, Val=78.8
2025-05-28 21:50:35,038 - pdf_pipeline - DEBUG - Added: Var=KWS Donovan, Loc=SIM / Kümbdchen, Treat=extensive, Val=86.4
2025-05-28 21:50:35,038 - pdf_pipeline - DEBUG - Skipping variety: 'Mittel VRS' at row_idx 26 (excluded or mean value).
2025-05-28 21:50:35,039 - pdf_pipeline - DEBUG - Skipping variety: 'GD(LSD)' at row_idx 27 (excluded or mean value).
2025-05-28 21:50:35,039 - pdf_pipeline - DEBUG - Skipping variety: 'VD' at row_idx 28 (excluded or mean value).
2025-05-28 21:50:35,039 - pdf_pipeline - INFO - Transformed 260 rows from table 1
2025-05-28 21:50:35,041 - pdf_pipeline - INFO - Final DataFrame shape: (260, 9)
2025-05-28 21:50:35,041 - pdf_pipeline - INFO - Columns: ['Year', 'Trial', 'Trait', 'Variety', 'Location', 'Treatment', 'RelativeValue', 'AbsoluteValue', 'Source']
2025-05-28 21:50:35,048 - pdf_pipeline - INFO - Sample data:
   Year                Trial  ... AbsoluteValue                                             Source
0  2023  2023_whw_de_prt_lsv  ...          75.7  Winterweizen_Spelzweizen_2023_Versuchsbericht.pdf
1  2023  2023_whw_de_prt_lsv  ...          82.2  Winterweizen_Spelzweizen_2023_Versuchsbericht.pdf
2  2023  2023_whw_de_prt_lsv  ...         107.8  Winterweizen_Spelzweizen_2023_Versuchsbericht.pdf
3  2023  2023_whw_de_prt_lsv  ...         111.2  Winterweizen_Spelzweizen_2023_Versuchsbericht.pdf
4  2023  2023_whw_de_prt_lsv  ...          91.6  Winterweizen_Spelzweizen_2023_Versuchsbericht.pdf

[5 rows x 9 columns]
2025-05-28 21:50:35,083 - pdf_pipeline - INFO - [green]Successfully processed Winterweizen_Spelzweizen_2023_Versuchsbericht.pdf -> /Users/neon/Desktop/pdf-to-data/output/2023_ww_de_prt_lsv.xlsx[/green]
2025-05-28 21:50:35,084 - pdf_pipeline - INFO - [cyan]Processing PDF: /Users/neon/Desktop/pdf-to-data/input/winterweizen-LLG sachsen-anhalt.pdf[/cyan]
2025-05-28 21:50:35,085 - pdf_pipeline - INFO - [cyan]Found 0 configured pages to process[/cyan]
2025-05-28 21:50:35,086 - pdf_pipeline - INFO - [cyan]No pages configured, processing all pages[/cyan]
2025-05-28 21:50:35,161 - pdf_pipeline - DEBUG - [green]Page 1: Extracted 1 raw tables structures[/green]
2025-05-28 21:50:35,161 - pdf_pipeline - WARNING - Page 1, Raw Table 0: table_type not specified in config. Cannot determine processing method.
2025-05-28 21:50:35,316 - pdf_pipeline - DEBUG - [green]Page 2: Extracted 1 raw tables structures[/green]
2025-05-28 21:50:35,317 - pdf_pipeline - WARNING - Page 2, Raw Table 0: table_type not specified in config. Cannot determine processing method.
2025-05-28 21:50:35,386 - pdf_pipeline - DEBUG - [green]Page 3: Extracted 1 raw tables structures[/green]
2025-05-28 21:50:35,387 - pdf_pipeline - WARNING - Page 3, Raw Table 0: table_type not specified in config. Cannot determine processing method.
2025-05-28 21:50:35,444 - pdf_pipeline - DEBUG - [green]Page 4: Extracted 1 raw tables structures[/green]
2025-05-28 21:50:35,445 - pdf_pipeline - WARNING - Page 4, Raw Table 0: table_type not specified in config. Cannot determine processing method.
2025-05-28 21:50:35,486 - pdf_pipeline - DEBUG - [green]Page 5: Extracted 0 raw tables structures[/green]
2025-05-28 21:50:35,566 - pdf_pipeline - DEBUG - [green]Page 6: Extracted 1 raw tables structures[/green]
2025-05-28 21:50:35,567 - pdf_pipeline - WARNING - Page 6, Raw Table 0: table_type not specified in config. Cannot determine processing method.
2025-05-28 21:50:35,611 - pdf_pipeline - DEBUG - [green]Page 7: Extracted 0 raw tables structures[/green]
2025-05-28 21:50:35,611 - pdf_pipeline - INFO - [green]Extracted 0 tables for further transformation from winterweizen-LLG sachsen-anhalt.pdf[/green]
2025-05-28 21:50:35,612 - pdf_pipeline - WARNING - [yellow]No tables extracted from winterweizen-LLG sachsen-anhalt.pdf[/yellow]
2025-05-28 21:50:35,613 - pdf_pipeline - INFO - [green]PDF processing completed successfully![/green]
