2025-05-28 01:23:41,928 - pdf_pipeline - INFO - Starting new logging session. Log file: logs/pdf_pipeline_20250528_012341.log
2025-05-28 01:23:41,930 - pdf_pipeline - INFO - [cyan]Starting PDF processing pipeline with configuration:[/cyan]
2025-05-28 01:23:41,930 - pdf_pipeline - INFO - [cyan]Input directory:[/cyan] /Users/neon/Desktop/pdf-to-data/input
2025-05-28 01:23:41,931 - pdf_pipeline - INFO - [cyan]Output directory:[/cyan] /Users/neon/Desktop/pdf-to-data/output
2025-05-28 01:23:41,931 - pdf_pipeline - INFO - [cyan]Structure config:[/cyan] /Users/neon/Desktop/pdf-to-data/config/structure.yaml
2025-05-28 01:23:41,931 - pdf_pipeline - INFO - [cyan]Exclusions config:[/cyan] /Users/neon/Desktop/pdf-to-data/config/exclusions.yaml
2025-05-28 01:23:41,933 - pdf_pipeline - INFO - Loaded configuration from /Users/neon/Desktop/pdf-to-data/config/structure.yaml
2025-05-28 01:23:41,934 - pdf_pipeline - INFO - Loaded configuration from /Users/neon/Desktop/pdf-to-data/config/exclusions.yaml
2025-05-28 01:23:41,934 - pdf_pipeline - DEBUG - [cyan]Initializing PDFProcessor[/cyan]
2025-05-28 01:23:41,934 - pdf_pipeline - INFO - [cyan]Initializing DataTransformer[/cyan]
2025-05-28 01:23:41,935 - pdf_pipeline - DEBUG - [green]Loaded exclude_rows patterns:[/green] [{'type': 'startswith', 'value': 'rel. 100'}, {'type': 'startswith', 'value': 'Alle'}, {'type': 'endswith', 'value': 'alle'}]
2025-05-28 01:23:41,936 - pdf_pipeline - INFO - [cyan]Found 1 PDF files to process[/cyan]
2025-05-28 01:23:41,937 - pdf_pipeline - INFO - [cyan]Processing PDF: /Users/neon/Desktop/pdf-to-data/input/winterweizen-sv-2023.pdf[/cyan]
2025-05-28 01:23:41,948 - pdf_pipeline - INFO - [cyan]Found 1 configured pages to process[/cyan]
2025-05-28 01:23:42,125 - pdf_pipeline - DEBUG - [green]Extracted 1 tables on page 2[/green]
2025-05-28 01:23:42,126 - pdf_pipeline - INFO - [green]Extracted 1 relevant tables[/green]
2025-05-28 01:23:42,127 - pdf_pipeline - DEBUG - [cyan]Checking exclusion for value:[/cyan] 'köln-aachener bucht'
2025-05-28 01:23:42,127 - pdf_pipeline - DEBUG - [yellow]Testing pattern:[/yellow] type=contains, value='mittelwert'
2025-05-28 01:23:42,127 - pdf_pipeline - DEBUG - [yellow]Testing pattern:[/yellow] type=contains, value='alle'
2025-05-28 01:23:42,128 - pdf_pipeline - DEBUG - [cyan]Checking exclusion for value:[/cyan] 'lehmböden'
2025-05-28 01:23:42,129 - pdf_pipeline - DEBUG - [yellow]Testing pattern:[/yellow] type=contains, value='mittelwert'
2025-05-28 01:23:42,129 - pdf_pipeline - DEBUG - [yellow]Testing pattern:[/yellow] type=contains, value='alle'
2025-05-28 01:23:42,130 - pdf_pipeline - DEBUG - [cyan]Checking exclusion for value:[/cyan] 'sandböden'
2025-05-28 01:23:42,131 - pdf_pipeline - DEBUG - [yellow]Testing pattern:[/yellow] type=contains, value='mittelwert'
2025-05-28 01:23:42,131 - pdf_pipeline - DEBUG - [yellow]Testing pattern:[/yellow] type=contains, value='alle'
2025-05-28 01:23:42,131 - pdf_pipeline - DEBUG - [cyan]Checking exclusion for value:[/cyan] 'mittel- und höhenlagen'
2025-05-28 01:23:42,132 - pdf_pipeline - DEBUG - [yellow]Testing pattern:[/yellow] type=contains, value='mittelwert'
2025-05-28 01:23:42,132 - pdf_pipeline - DEBUG - [yellow]Testing pattern:[/yellow] type=contains, value='alle'
2025-05-28 01:23:42,133 - pdf_pipeline - DEBUG - [cyan]Checking exclusion for value:[/cyan] 'alle'
2025-05-28 01:23:42,133 - pdf_pipeline - DEBUG - [yellow]Testing pattern:[/yellow] type=contains, value='mittelwert'
2025-05-28 01:23:42,133 - pdf_pipeline - DEBUG - [yellow]Testing pattern:[/yellow] type=contains, value='alle'
2025-05-28 01:23:42,134 - pdf_pipeline - DEBUG - [green]Matched 'contains' pattern:[/green] 'alle' in 'alle'
2025-05-28 01:23:42,134 - pdf_pipeline - DEBUG - [yellow]Processing variety:[/yellow] 'rel. 100 = Ertrag (dt/ha)'
2025-05-28 01:23:42,135 - pdf_pipeline - DEBUG - [cyan]Checking exclusion for value:[/cyan] 'rel. 100 = ertrag (dt/ha)'
2025-05-28 01:23:42,135 - pdf_pipeline - DEBUG - [yellow]Testing pattern:[/yellow] type=startswith, value='rel. 100'
2025-05-28 01:23:42,136 - pdf_pipeline - DEBUG - [green]Matched 'startswith' pattern:[/green] 'rel. 100 = ertrag (dt/ha)' starts with 'rel. 100'
2025-05-28 01:23:42,136 - pdf_pipeline - DEBUG - [red]Excluded variety due to pattern match:[/red] 'rel. 100 = Ertrag (dt/ha)'
2025-05-28 01:23:42,137 - pdf_pipeline - DEBUG - [yellow]Processing variety:[/yellow] 'vgl. reduziert (dt/ha)'
2025-05-28 01:23:42,137 - pdf_pipeline - DEBUG - [cyan]Checking exclusion for value:[/cyan] 'vgl. reduziert (dt/ha)'
2025-05-28 01:23:42,137 - pdf_pipeline - DEBUG - [yellow]Testing pattern:[/yellow] type=startswith, value='rel. 100'
2025-05-28 01:23:42,138 - pdf_pipeline - DEBUG - [yellow]Testing pattern:[/yellow] type=startswith, value='alle'
2025-05-28 01:23:42,138 - pdf_pipeline - DEBUG - [yellow]Testing pattern:[/yellow] type=endswith, value='alle'
2025-05-28 01:23:42,139 - pdf_pipeline - DEBUG - [red]Excluded variety due to content match:[/red] 'vgl. reduziert (dt/ha)'
2025-05-28 01:23:42,139 - pdf_pipeline - DEBUG - [yellow]Processing variety:[/yellow] 'rel. Grenzdifferenz (5%)'
2025-05-28 01:23:42,139 - pdf_pipeline - DEBUG - [cyan]Checking exclusion for value:[/cyan] 'rel. grenzdifferenz (5%)'
2025-05-28 01:23:42,140 - pdf_pipeline - DEBUG - [yellow]Testing pattern:[/yellow] type=startswith, value='rel. 100'
2025-05-28 01:23:42,140 - pdf_pipeline - DEBUG - [yellow]Testing pattern:[/yellow] type=startswith, value='alle'
2025-05-28 01:23:42,141 - pdf_pipeline - DEBUG - [yellow]Testing pattern:[/yellow] type=endswith, value='alle'
2025-05-28 01:23:42,141 - pdf_pipeline - DEBUG - [red]Excluded variety due to content match:[/red] 'rel. Grenzdifferenz (5%)'
2025-05-28 01:23:42,141 - pdf_pipeline - DEBUG - [yellow]Processing variety:[/yellow] 'E-Sorten'
2025-05-28 01:23:42,142 - pdf_pipeline - DEBUG - [cyan]Checking exclusion for value:[/cyan] 'e-sorten'
2025-05-28 01:23:42,142 - pdf_pipeline - DEBUG - [yellow]Testing pattern:[/yellow] type=startswith, value='rel. 100'
2025-05-28 01:23:42,143 - pdf_pipeline - DEBUG - [yellow]Testing pattern:[/yellow] type=startswith, value='alle'
2025-05-28 01:23:42,143 - pdf_pipeline - DEBUG - [yellow]Testing pattern:[/yellow] type=endswith, value='alle'
2025-05-28 01:23:42,144 - pdf_pipeline - DEBUG - [red]Excluded variety due to content match:[/red] 'E-Sorten'
2025-05-28 01:23:42,144 - pdf_pipeline - DEBUG - [yellow]Processing variety:[/yellow] 'KWS Emerick'
2025-05-28 01:23:42,144 - pdf_pipeline - DEBUG - [cyan]Checking exclusion for value:[/cyan] 'kws emerick'
2025-05-28 01:23:42,145 - pdf_pipeline - DEBUG - [yellow]Testing pattern:[/yellow] type=startswith, value='rel. 100'
2025-05-28 01:23:42,145 - pdf_pipeline - DEBUG - [yellow]Testing pattern:[/yellow] type=startswith, value='alle'
2025-05-28 01:23:42,146 - pdf_pipeline - DEBUG - [yellow]Testing pattern:[/yellow] type=endswith, value='alle'
2025-05-28 01:23:42,146 - pdf_pipeline - DEBUG - [yellow]Processing variety:[/yellow] 'A-Sorten'
2025-05-28 01:23:42,146 - pdf_pipeline - DEBUG - [cyan]Checking exclusion for value:[/cyan] 'a-sorten'
2025-05-28 01:23:42,147 - pdf_pipeline - DEBUG - [yellow]Testing pattern:[/yellow] type=startswith, value='rel. 100'
2025-05-28 01:23:42,147 - pdf_pipeline - DEBUG - [yellow]Testing pattern:[/yellow] type=startswith, value='alle'
2025-05-28 01:23:42,147 - pdf_pipeline - DEBUG - [yellow]Testing pattern:[/yellow] type=endswith, value='alle'
2025-05-28 01:23:42,148 - pdf_pipeline - DEBUG - [red]Excluded variety due to content match:[/red] 'A-Sorten'
2025-05-28 01:23:42,148 - pdf_pipeline - DEBUG - [yellow]Processing variety:[/yellow] 'RGT Reform'
2025-05-28 01:23:42,149 - pdf_pipeline - DEBUG - [cyan]Checking exclusion for value:[/cyan] 'rgt reform'
2025-05-28 01:23:42,149 - pdf_pipeline - DEBUG - [yellow]Testing pattern:[/yellow] type=startswith, value='rel. 100'
2025-05-28 01:23:42,149 - pdf_pipeline - DEBUG - [yellow]Testing pattern:[/yellow] type=startswith, value='alle'
2025-05-28 01:23:42,150 - pdf_pipeline - DEBUG - [yellow]Testing pattern:[/yellow] type=endswith, value='alle'
2025-05-28 01:23:42,150 - pdf_pipeline - DEBUG - [yellow]Processing variety:[/yellow] 'Asory'
2025-05-28 01:23:42,151 - pdf_pipeline - DEBUG - [cyan]Checking exclusion for value:[/cyan] 'asory'
2025-05-28 01:23:42,151 - pdf_pipeline - DEBUG - [yellow]Testing pattern:[/yellow] type=startswith, value='rel. 100'
2025-05-28 01:23:42,151 - pdf_pipeline - DEBUG - [yellow]Testing pattern:[/yellow] type=startswith, value='alle'
2025-05-28 01:23:42,152 - pdf_pipeline - DEBUG - [yellow]Testing pattern:[/yellow] type=endswith, value='alle'
2025-05-28 01:23:42,152 - pdf_pipeline - DEBUG - [yellow]Processing variety:[/yellow] '[Lemmy]'
2025-05-28 01:23:42,153 - pdf_pipeline - DEBUG - [cyan]Checking exclusion for value:[/cyan] '[lemmy]'
2025-05-28 01:23:42,153 - pdf_pipeline - DEBUG - [yellow]Testing pattern:[/yellow] type=startswith, value='rel. 100'
2025-05-28 01:23:42,153 - pdf_pipeline - DEBUG - [yellow]Testing pattern:[/yellow] type=startswith, value='alle'
2025-05-28 01:23:42,154 - pdf_pipeline - DEBUG - [yellow]Testing pattern:[/yellow] type=endswith, value='alle'
2025-05-28 01:23:42,154 - pdf_pipeline - DEBUG - [yellow]Processing variety:[/yellow] 'LG Character'
2025-05-28 01:23:42,154 - pdf_pipeline - DEBUG - [cyan]Checking exclusion for value:[/cyan] 'lg character'
2025-05-28 01:23:42,155 - pdf_pipeline - DEBUG - [yellow]Testing pattern:[/yellow] type=startswith, value='rel. 100'
2025-05-28 01:23:42,155 - pdf_pipeline - DEBUG - [yellow]Testing pattern:[/yellow] type=startswith, value='alle'
2025-05-28 01:23:42,156 - pdf_pipeline - DEBUG - [yellow]Testing pattern:[/yellow] type=endswith, value='alle'
2025-05-28 01:23:42,156 - pdf_pipeline - DEBUG - [yellow]Processing variety:[/yellow] 'KWS Donovan'
2025-05-28 01:23:42,156 - pdf_pipeline - DEBUG - [cyan]Checking exclusion for value:[/cyan] 'kws donovan'
2025-05-28 01:23:42,157 - pdf_pipeline - DEBUG - [yellow]Testing pattern:[/yellow] type=startswith, value='rel. 100'
2025-05-28 01:23:42,158 - pdf_pipeline - DEBUG - [yellow]Testing pattern:[/yellow] type=startswith, value='alle'
2025-05-28 01:23:42,158 - pdf_pipeline - DEBUG - [yellow]Testing pattern:[/yellow] type=endswith, value='alle'
2025-05-28 01:23:42,158 - pdf_pipeline - DEBUG - [yellow]Processing variety:[/yellow] 'KWS Imperium'
2025-05-28 01:23:42,159 - pdf_pipeline - DEBUG - [cyan]Checking exclusion for value:[/cyan] 'kws imperium'
2025-05-28 01:23:42,159 - pdf_pipeline - DEBUG - [yellow]Testing pattern:[/yellow] type=startswith, value='rel. 100'
2025-05-28 01:23:42,160 - pdf_pipeline - DEBUG - [yellow]Testing pattern:[/yellow] type=startswith, value='alle'
2025-05-28 01:23:42,160 - pdf_pipeline - DEBUG - [yellow]Testing pattern:[/yellow] type=endswith, value='alle'
2025-05-28 01:23:42,160 - pdf_pipeline - DEBUG - [yellow]Processing variety:[/yellow] 'SU Jonte'
2025-05-28 01:23:42,161 - pdf_pipeline - DEBUG - [cyan]Checking exclusion for value:[/cyan] 'su jonte'
2025-05-28 01:23:42,161 - pdf_pipeline - DEBUG - [yellow]Testing pattern:[/yellow] type=startswith, value='rel. 100'
2025-05-28 01:23:42,162 - pdf_pipeline - DEBUG - [yellow]Testing pattern:[/yellow] type=startswith, value='alle'
2025-05-28 01:23:42,162 - pdf_pipeline - DEBUG - [yellow]Testing pattern:[/yellow] type=endswith, value='alle'
2025-05-28 01:23:42,162 - pdf_pipeline - DEBUG - [yellow]Processing variety:[/yellow] 'SU Willem'
2025-05-28 01:23:42,163 - pdf_pipeline - DEBUG - [cyan]Checking exclusion for value:[/cyan] 'su willem'
2025-05-28 01:23:42,163 - pdf_pipeline - DEBUG - [yellow]Testing pattern:[/yellow] type=startswith, value='rel. 100'
2025-05-28 01:23:42,163 - pdf_pipeline - DEBUG - [yellow]Testing pattern:[/yellow] type=startswith, value='alle'
2025-05-28 01:23:42,164 - pdf_pipeline - DEBUG - [yellow]Testing pattern:[/yellow] type=endswith, value='alle'
2025-05-28 01:23:42,164 - pdf_pipeline - DEBUG - [yellow]Processing variety:[/yellow] 'Absolut'
2025-05-28 01:23:42,165 - pdf_pipeline - DEBUG - [cyan]Checking exclusion for value:[/cyan] 'absolut'
2025-05-28 01:23:42,165 - pdf_pipeline - DEBUG - [yellow]Testing pattern:[/yellow] type=startswith, value='rel. 100'
2025-05-28 01:23:42,165 - pdf_pipeline - DEBUG - [yellow]Testing pattern:[/yellow] type=startswith, value='alle'
2025-05-28 01:23:42,166 - pdf_pipeline - DEBUG - [yellow]Testing pattern:[/yellow] type=endswith, value='alle'
2025-05-28 01:23:42,166 - pdf_pipeline - DEBUG - [yellow]Processing variety:[/yellow] 'Polarkap'
2025-05-28 01:23:42,167 - pdf_pipeline - DEBUG - [cyan]Checking exclusion for value:[/cyan] 'polarkap'
2025-05-28 01:23:42,167 - pdf_pipeline - DEBUG - [yellow]Testing pattern:[/yellow] type=startswith, value='rel. 100'
2025-05-28 01:23:42,168 - pdf_pipeline - DEBUG - [yellow]Testing pattern:[/yellow] type=startswith, value='alle'
2025-05-28 01:23:42,168 - pdf_pipeline - DEBUG - [yellow]Testing pattern:[/yellow] type=endswith, value='alle'
2025-05-28 01:23:42,169 - pdf_pipeline - DEBUG - [yellow]Processing variety:[/yellow] 'LG Optimist'
2025-05-28 01:23:42,169 - pdf_pipeline - DEBUG - [cyan]Checking exclusion for value:[/cyan] 'lg optimist'
2025-05-28 01:23:42,169 - pdf_pipeline - DEBUG - [yellow]Testing pattern:[/yellow] type=startswith, value='rel. 100'
2025-05-28 01:23:42,170 - pdf_pipeline - DEBUG - [yellow]Testing pattern:[/yellow] type=startswith, value='alle'
2025-05-28 01:23:42,170 - pdf_pipeline - DEBUG - [yellow]Testing pattern:[/yellow] type=endswith, value='alle'
2025-05-28 01:23:42,170 - pdf_pipeline - DEBUG - [yellow]Processing variety:[/yellow] 'WPB Newton'
2025-05-28 01:23:42,171 - pdf_pipeline - DEBUG - [cyan]Checking exclusion for value:[/cyan] 'wpb newton'
2025-05-28 01:23:42,171 - pdf_pipeline - DEBUG - [yellow]Testing pattern:[/yellow] type=startswith, value='rel. 100'
2025-05-28 01:23:42,172 - pdf_pipeline - DEBUG - [yellow]Testing pattern:[/yellow] type=startswith, value='alle'
2025-05-28 01:23:42,172 - pdf_pipeline - DEBUG - [yellow]Testing pattern:[/yellow] type=endswith, value='alle'
2025-05-28 01:23:42,172 - pdf_pipeline - DEBUG - [yellow]Processing variety:[/yellow] 'B-Sorten'
2025-05-28 01:23:42,173 - pdf_pipeline - DEBUG - [cyan]Checking exclusion for value:[/cyan] 'b-sorten'
2025-05-28 01:23:42,173 - pdf_pipeline - DEBUG - [yellow]Testing pattern:[/yellow] type=startswith, value='rel. 100'
2025-05-28 01:23:42,173 - pdf_pipeline - DEBUG - [yellow]Testing pattern:[/yellow] type=startswith, value='alle'
2025-05-28 01:23:42,174 - pdf_pipeline - DEBUG - [yellow]Testing pattern:[/yellow] type=endswith, value='alle'
2025-05-28 01:23:42,174 - pdf_pipeline - DEBUG - [red]Excluded variety due to content match:[/red] 'B-Sorten'
2025-05-28 01:23:42,175 - pdf_pipeline - DEBUG - [yellow]Processing variety:[/yellow] 'Informer'
2025-05-28 01:23:42,175 - pdf_pipeline - DEBUG - [cyan]Checking exclusion for value:[/cyan] 'informer'
2025-05-28 01:23:42,175 - pdf_pipeline - DEBUG - [yellow]Testing pattern:[/yellow] type=startswith, value='rel. 100'
2025-05-28 01:23:42,176 - pdf_pipeline - DEBUG - [yellow]Testing pattern:[/yellow] type=startswith, value='alle'
2025-05-28 01:23:42,176 - pdf_pipeline - DEBUG - [yellow]Testing pattern:[/yellow] type=endswith, value='alle'
2025-05-28 01:23:42,177 - pdf_pipeline - DEBUG - [yellow]Processing variety:[/yellow] 'Campesino'
2025-05-28 01:23:42,177 - pdf_pipeline - DEBUG - [cyan]Checking exclusion for value:[/cyan] 'campesino'
2025-05-28 01:23:42,177 - pdf_pipeline - DEBUG - [yellow]Testing pattern:[/yellow] type=startswith, value='rel. 100'
2025-05-28 01:23:42,178 - pdf_pipeline - DEBUG - [yellow]Testing pattern:[/yellow] type=startswith, value='alle'
2025-05-28 01:23:42,178 - pdf_pipeline - DEBUG - [yellow]Testing pattern:[/yellow] type=endswith, value='alle'
2025-05-28 01:23:42,179 - pdf_pipeline - DEBUG - [yellow]Processing variety:[/yellow] 'SU Fiete'
2025-05-28 01:23:42,179 - pdf_pipeline - DEBUG - [cyan]Checking exclusion for value:[/cyan] 'su fiete'
2025-05-28 01:23:42,179 - pdf_pipeline - DEBUG - [yellow]Testing pattern:[/yellow] type=startswith, value='rel. 100'
2025-05-28 01:23:42,180 - pdf_pipeline - DEBUG - [yellow]Testing pattern:[/yellow] type=startswith, value='alle'
2025-05-28 01:23:42,180 - pdf_pipeline - DEBUG - [yellow]Testing pattern:[/yellow] type=endswith, value='alle'
2025-05-28 01:23:42,181 - pdf_pipeline - DEBUG - [yellow]Processing variety:[/yellow] 'Akasha'
2025-05-28 01:23:42,181 - pdf_pipeline - DEBUG - [cyan]Checking exclusion for value:[/cyan] 'akasha'
2025-05-28 01:23:42,181 - pdf_pipeline - DEBUG - [yellow]Testing pattern:[/yellow] type=startswith, value='rel. 100'
2025-05-28 01:23:42,182 - pdf_pipeline - DEBUG - [yellow]Testing pattern:[/yellow] type=startswith, value='alle'
2025-05-28 01:23:42,182 - pdf_pipeline - DEBUG - [yellow]Testing pattern:[/yellow] type=endswith, value='alle'
2025-05-28 01:23:42,182 - pdf_pipeline - DEBUG - [yellow]Processing variety:[/yellow] 'Chevignon'
2025-05-28 01:23:42,183 - pdf_pipeline - DEBUG - [cyan]Checking exclusion for value:[/cyan] 'chevignon'
2025-05-28 01:23:42,183 - pdf_pipeline - DEBUG - [yellow]Testing pattern:[/yellow] type=startswith, value='rel. 100'
2025-05-28 01:23:42,184 - pdf_pipeline - DEBUG - [yellow]Testing pattern:[/yellow] type=startswith, value='alle'
2025-05-28 01:23:42,184 - pdf_pipeline - DEBUG - [yellow]Testing pattern:[/yellow] type=endswith, value='alle'
2025-05-28 01:23:42,184 - pdf_pipeline - DEBUG - [yellow]Processing variety:[/yellow] 'Complice (bg)'
2025-05-28 01:23:42,185 - pdf_pipeline - DEBUG - [cyan]Checking exclusion for value:[/cyan] 'complice (bg)'
2025-05-28 01:23:42,185 - pdf_pipeline - DEBUG - [yellow]Testing pattern:[/yellow] type=startswith, value='rel. 100'
2025-05-28 01:23:42,186 - pdf_pipeline - DEBUG - [yellow]Testing pattern:[/yellow] type=startswith, value='alle'
2025-05-28 01:23:42,186 - pdf_pipeline - DEBUG - [yellow]Testing pattern:[/yellow] type=endswith, value='alle'
2025-05-28 01:23:42,186 - pdf_pipeline - DEBUG - [yellow]Processing variety:[/yellow] 'Debian'
2025-05-28 01:23:42,187 - pdf_pipeline - DEBUG - [cyan]Checking exclusion for value:[/cyan] 'debian'
2025-05-28 01:23:42,187 - pdf_pipeline - DEBUG - [yellow]Testing pattern:[/yellow] type=startswith, value='rel. 100'
2025-05-28 01:23:42,187 - pdf_pipeline - DEBUG - [yellow]Testing pattern:[/yellow] type=startswith, value='alle'
2025-05-28 01:23:42,188 - pdf_pipeline - DEBUG - [yellow]Testing pattern:[/yellow] type=endswith, value='alle'
2025-05-28 01:23:42,188 - pdf_pipeline - DEBUG - [yellow]Processing variety:[/yellow] 'RGT Kreuzer'
2025-05-28 01:23:42,188 - pdf_pipeline - DEBUG - [cyan]Checking exclusion for value:[/cyan] 'rgt kreuzer'
2025-05-28 01:23:42,189 - pdf_pipeline - DEBUG - [yellow]Testing pattern:[/yellow] type=startswith, value='rel. 100'
2025-05-28 01:23:42,189 - pdf_pipeline - DEBUG - [yellow]Testing pattern:[/yellow] type=startswith, value='alle'
2025-05-28 01:23:42,190 - pdf_pipeline - DEBUG - [yellow]Testing pattern:[/yellow] type=endswith, value='alle'
2025-05-28 01:23:42,190 - pdf_pipeline - DEBUG - [yellow]Processing variety:[/yellow] 'Spectral'
2025-05-28 01:23:42,190 - pdf_pipeline - DEBUG - [cyan]Checking exclusion for value:[/cyan] 'spectral'
2025-05-28 01:23:42,191 - pdf_pipeline - DEBUG - [yellow]Testing pattern:[/yellow] type=startswith, value='rel. 100'
2025-05-28 01:23:42,191 - pdf_pipeline - DEBUG - [yellow]Testing pattern:[/yellow] type=startswith, value='alle'
2025-05-28 01:23:42,192 - pdf_pipeline - DEBUG - [yellow]Testing pattern:[/yellow] type=endswith, value='alle'
2025-05-28 01:23:42,192 - pdf_pipeline - DEBUG - [yellow]Processing variety:[/yellow] 'KWS Mintum'
2025-05-28 01:23:42,192 - pdf_pipeline - DEBUG - [cyan]Checking exclusion for value:[/cyan] 'kws mintum'
2025-05-28 01:23:42,193 - pdf_pipeline - DEBUG - [yellow]Testing pattern:[/yellow] type=startswith, value='rel. 100'
2025-05-28 01:23:42,193 - pdf_pipeline - DEBUG - [yellow]Testing pattern:[/yellow] type=startswith, value='alle'
2025-05-28 01:23:42,194 - pdf_pipeline - DEBUG - [yellow]Testing pattern:[/yellow] type=endswith, value='alle'
2025-05-28 01:23:42,194 - pdf_pipeline - DEBUG - [yellow]Processing variety:[/yellow] 'C-Sorten'
2025-05-28 01:23:42,194 - pdf_pipeline - DEBUG - [cyan]Checking exclusion for value:[/cyan] 'c-sorten'
2025-05-28 01:23:42,195 - pdf_pipeline - DEBUG - [yellow]Testing pattern:[/yellow] type=startswith, value='rel. 100'
2025-05-28 01:23:42,195 - pdf_pipeline - DEBUG - [yellow]Testing pattern:[/yellow] type=startswith, value='alle'
2025-05-28 01:23:42,195 - pdf_pipeline - DEBUG - [yellow]Testing pattern:[/yellow] type=endswith, value='alle'
2025-05-28 01:23:42,196 - pdf_pipeline - DEBUG - [red]Excluded variety due to content match:[/red] 'C-Sorten'
2025-05-28 01:23:42,196 - pdf_pipeline - DEBUG - [yellow]Processing variety:[/yellow] 'KWS Keitum'
2025-05-28 01:23:42,197 - pdf_pipeline - DEBUG - [cyan]Checking exclusion for value:[/cyan] 'kws keitum'
2025-05-28 01:23:42,197 - pdf_pipeline - DEBUG - [yellow]Testing pattern:[/yellow] type=startswith, value='rel. 100'
2025-05-28 01:23:42,197 - pdf_pipeline - DEBUG - [yellow]Testing pattern:[/yellow] type=startswith, value='alle'
2025-05-28 01:23:42,198 - pdf_pipeline - DEBUG - [yellow]Testing pattern:[/yellow] type=endswith, value='alle'
2025-05-28 01:23:42,198 - pdf_pipeline - DEBUG - [yellow]Processing variety:[/yellow] 'Revolver'
2025-05-28 01:23:42,198 - pdf_pipeline - DEBUG - [cyan]Checking exclusion for value:[/cyan] 'revolver'
2025-05-28 01:23:42,199 - pdf_pipeline - DEBUG - [yellow]Testing pattern:[/yellow] type=startswith, value='rel. 100'
2025-05-28 01:23:42,199 - pdf_pipeline - DEBUG - [yellow]Testing pattern:[/yellow] type=startswith, value='alle'
2025-05-28 01:23:42,199 - pdf_pipeline - DEBUG - [yellow]Testing pattern:[/yellow] type=endswith, value='alle'
2025-05-28 01:23:42,200 - pdf_pipeline - DEBUG - [yellow]Processing variety:[/yellow] 'Winner (bg)'
2025-05-28 01:23:42,200 - pdf_pipeline - DEBUG - [cyan]Checking exclusion for value:[/cyan] 'winner (bg)'
2025-05-28 01:23:42,201 - pdf_pipeline - DEBUG - [yellow]Testing pattern:[/yellow] type=startswith, value='rel. 100'
2025-05-28 01:23:42,201 - pdf_pipeline - DEBUG - [yellow]Testing pattern:[/yellow] type=startswith, value='alle'
2025-05-28 01:23:42,201 - pdf_pipeline - DEBUG - [yellow]Testing pattern:[/yellow] type=endswith, value='alle'
2025-05-28 01:23:42,202 - pdf_pipeline - DEBUG - [yellow]Processing variety:[/yellow] 'Anhang'
2025-05-28 01:23:42,202 - pdf_pipeline - DEBUG - [cyan]Checking exclusion for value:[/cyan] 'anhang'
2025-05-28 01:23:42,203 - pdf_pipeline - DEBUG - [yellow]Testing pattern:[/yellow] type=startswith, value='rel. 100'
2025-05-28 01:23:42,203 - pdf_pipeline - DEBUG - [yellow]Testing pattern:[/yellow] type=startswith, value='alle'
2025-05-28 01:23:42,203 - pdf_pipeline - DEBUG - [yellow]Testing pattern:[/yellow] type=endswith, value='alle'
2025-05-28 01:23:42,204 - pdf_pipeline - DEBUG - [red]Excluded variety due to content match:[/red] 'Anhang'
2025-05-28 01:23:42,204 - pdf_pipeline - DEBUG - [yellow]Processing variety:[/yellow] 'Akzent (A)'
2025-05-28 01:23:42,204 - pdf_pipeline - DEBUG - [cyan]Checking exclusion for value:[/cyan] 'akzent (a)'
2025-05-28 01:23:42,205 - pdf_pipeline - DEBUG - [yellow]Testing pattern:[/yellow] type=startswith, value='rel. 100'
2025-05-28 01:23:42,205 - pdf_pipeline - DEBUG - [yellow]Testing pattern:[/yellow] type=startswith, value='alle'
2025-05-28 01:23:42,205 - pdf_pipeline - DEBUG - [yellow]Testing pattern:[/yellow] type=endswith, value='alle'
2025-05-28 01:23:42,206 - pdf_pipeline - DEBUG - [yellow]Processing variety:[/yellow] 'Mortimer [B]'
2025-05-28 01:23:42,206 - pdf_pipeline - DEBUG - [cyan]Checking exclusion for value:[/cyan] 'mortimer [b]'
2025-05-28 01:23:42,207 - pdf_pipeline - DEBUG - [yellow]Testing pattern:[/yellow] type=startswith, value='rel. 100'
2025-05-28 01:23:42,207 - pdf_pipeline - DEBUG - [yellow]Testing pattern:[/yellow] type=startswith, value='alle'
2025-05-28 01:23:42,207 - pdf_pipeline - DEBUG - [yellow]Testing pattern:[/yellow] type=endswith, value='alle'
2025-05-28 01:23:42,208 - pdf_pipeline - DEBUG - [yellow]Processing variety:[/yellow] 'Obiwan [B] (bg)'
2025-05-28 01:23:42,208 - pdf_pipeline - DEBUG - [cyan]Checking exclusion for value:[/cyan] 'obiwan [b] (bg)'
2025-05-28 01:23:42,209 - pdf_pipeline - DEBUG - [yellow]Testing pattern:[/yellow] type=startswith, value='rel. 100'
2025-05-28 01:23:42,209 - pdf_pipeline - DEBUG - [yellow]Testing pattern:[/yellow] type=startswith, value='alle'
2025-05-28 01:23:42,209 - pdf_pipeline - DEBUG - [yellow]Testing pattern:[/yellow] type=endswith, value='alle'
2025-05-28 01:23:42,210 - pdf_pipeline - DEBUG - [yellow]Processing variety:[/yellow] 'Chevignon + Latitude XL'
2025-05-28 01:23:42,210 - pdf_pipeline - DEBUG - [cyan]Checking exclusion for value:[/cyan] 'chevignon + latitude xl'
2025-05-28 01:23:42,210 - pdf_pipeline - DEBUG - [yellow]Testing pattern:[/yellow] type=startswith, value='rel. 100'
2025-05-28 01:23:42,211 - pdf_pipeline - DEBUG - [yellow]Testing pattern:[/yellow] type=startswith, value='alle'
2025-05-28 01:23:42,211 - pdf_pipeline - DEBUG - [yellow]Testing pattern:[/yellow] type=endswith, value='alle'
2025-05-28 01:23:42,212 - pdf_pipeline - DEBUG - [yellow]Processing variety:[/yellow] 'Durum (Hartweizen)'
2025-05-28 01:23:42,212 - pdf_pipeline - DEBUG - [cyan]Checking exclusion for value:[/cyan] 'durum (hartweizen)'
2025-05-28 01:23:42,212 - pdf_pipeline - DEBUG - [yellow]Testing pattern:[/yellow] type=startswith, value='rel. 100'
2025-05-28 01:23:42,213 - pdf_pipeline - DEBUG - [yellow]Testing pattern:[/yellow] type=startswith, value='alle'
2025-05-28 01:23:42,213 - pdf_pipeline - DEBUG - [yellow]Testing pattern:[/yellow] type=endswith, value='alle'
2025-05-28 01:23:42,213 - pdf_pipeline - DEBUG - [red]Excluded variety due to content match:[/red] 'Durum (Hartweizen)'
2025-05-28 01:23:42,214 - pdf_pipeline - DEBUG - [yellow]Processing variety:[/yellow] 'Sambadur (WDurum)'
2025-05-28 01:23:42,214 - pdf_pipeline - DEBUG - [cyan]Checking exclusion for value:[/cyan] 'sambadur (wdurum)'
2025-05-28 01:23:42,214 - pdf_pipeline - DEBUG - [yellow]Testing pattern:[/yellow] type=startswith, value='rel. 100'
2025-05-28 01:23:42,215 - pdf_pipeline - DEBUG - [yellow]Testing pattern:[/yellow] type=startswith, value='alle'
2025-05-28 01:23:42,215 - pdf_pipeline - DEBUG - [yellow]Testing pattern:[/yellow] type=endswith, value='alle'
2025-05-28 01:23:42,216 - pdf_pipeline - DEBUG - [yellow]Processing variety:[/yellow] 'Diadur (WDurum)'
2025-05-28 01:23:42,216 - pdf_pipeline - DEBUG - [cyan]Checking exclusion for value:[/cyan] 'diadur (wdurum)'
2025-05-28 01:23:42,216 - pdf_pipeline - DEBUG - [yellow]Testing pattern:[/yellow] type=startswith, value='rel. 100'
2025-05-28 01:23:42,217 - pdf_pipeline - DEBUG - [yellow]Testing pattern:[/yellow] type=startswith, value='alle'
2025-05-28 01:23:42,217 - pdf_pipeline - DEBUG - [yellow]Testing pattern:[/yellow] type=endswith, value='alle'
2025-05-28 01:23:42,218 - pdf_pipeline - DEBUG - [yellow]Processing variety:[/yellow] 'Winterstern (WDurum)'
2025-05-28 01:23:42,218 - pdf_pipeline - DEBUG - [cyan]Checking exclusion for value:[/cyan] 'winterstern (wdurum)'
2025-05-28 01:23:42,218 - pdf_pipeline - DEBUG - [yellow]Testing pattern:[/yellow] type=startswith, value='rel. 100'
2025-05-28 01:23:42,219 - pdf_pipeline - DEBUG - [yellow]Testing pattern:[/yellow] type=startswith, value='alle'
2025-05-28 01:23:42,219 - pdf_pipeline - DEBUG - [yellow]Testing pattern:[/yellow] type=endswith, value='alle'
2025-05-28 01:23:42,252 - pdf_pipeline - INFO - [green]Successfully processed winterweizen-sv-2023.pdf -> /Users/neon/Desktop/pdf-to-data/output/2023_data.xlsx[/green]
2025-05-28 01:23:42,253 - pdf_pipeline - INFO - [green]PDF processing completed successfully![/green]
