2025-06-02 14:23:12,822 - pdf_pipeline - INFO - Starting new logging session. Log file: logs\pdf_pipeline_20250602_142312.log
2025-06-02 14:23:12,825 - pdf_pipeline - INFO - [cyan]Starting PDF processing pipeline with configuration:[/cyan]
2025-06-02 14:23:12,826 - pdf_pipeline - INFO - [cyan]Input directory:[/cyan] C:\Users\KHANN\Documents\Test Folder\lsv-pipeline\input
2025-06-02 14:23:12,827 - pdf_pipeline - INFO - [cyan]Output directory:[/cyan] C:\Users\KHANN\Documents\Test Folder\lsv-pipeline\output
2025-06-02 14:23:12,827 - pdf_pipeline - INFO - [cyan]Structure config:[/cyan] C:\Users\KHANN\Documents\Test Folder\lsv-pipeline\config\structure.yaml
2025-06-02 14:23:12,830 - pdf_pipeline - INFO - [cyan]Exclusions config:[/cyan] C:\Users\KHANN\Documents\Test Folder\lsv-pipeline\config\exclusions.yaml
2025-06-02 14:23:12,833 - pdf_pipeline - INFO - Loaded configuration from C:\Users\KHANN\Documents\Test Folder\lsv-pipeline\config\structure.yaml
2025-06-02 14:23:12,836 - pdf_pipeline - INFO - Loaded configuration from C:\Users\KHANN\Documents\Test Folder\lsv-pipeline\config\exclusions.yaml
2025-06-02 14:23:12,839 - pdf_pipeline - DEBUG - [cyan]Initializing PDFProcessor[/cyan]
2025-06-02 14:23:12,840 - pdf_pipeline - INFO - [cyan]Initializing DataTransformer[/cyan]
2025-06-02 14:23:12,841 - pdf_pipeline - DEBUG - [green]Loaded exclude_rows patterns:[/green] [{'type': 'startswith', 'value': 'rel. 100'}, {'type': 'startswith', 'value': 'Alle'}, {'type': 'endswith', 'value': 'alle'}, {'type': 'contains', 'value': 'WDurum'}]
2025-06-02 14:23:12,843 - pdf_pipeline - INFO - [cyan]Found 2 PDF files to process[/cyan]
2025-06-02 14:23:12,846 - pdf_pipeline - INFO - [cyan]Processing PDF: C:\Users\KHANN\Documents\Test Folder\lsv-pipeline\input\winterweizen-sv-2023.pdf[/cyan]
2025-06-02 14:23:12,862 - pdf_pipeline - DEBUG - [green]Found configuration for winterweizen-sv-2023.pdf: 2 pages configured[/green]
2025-06-02 14:23:12,864 - pdf_pipeline - INFO - [cyan]Found 2 configured pages to process: [2, 3][/cyan]
2025-06-02 14:23:12,865 - pdf_pipeline - INFO - [cyan]Processing configured page 2[/cyan]
2025-06-02 14:23:12,870 - pdf_pipeline - DEBUG - Starting vertical label extraction for page 2
2025-06-02 14:23:13,074 - pdf_pipeline - DEBUG - Found 3 vertical labels on page 2
2025-06-02 14:23:13,075 - pdf_pipeline - DEBUG - Vertical labels: ['=', '-', '=']
2025-06-02 14:23:13,077 - pdf_pipeline - INFO - [green]Found vertical labels on page 2: ['=', '-', '='][/green]
2025-06-02 14:23:13,083 - pdf_pipeline - DEBUG - Starting vertical label extraction for page 2
2025-06-02 14:23:13,092 - pdf_pipeline - DEBUG - Found 3 vertical labels on page 2
2025-06-02 14:23:13,095 - pdf_pipeline - DEBUG - Vertical labels: ['=', '-', '=']
2025-06-02 14:23:13,197 - pdf_pipeline - DEBUG - [green]Page 2: Extracted 1 raw tables structures[/green]
2025-06-02 14:23:13,199 - pdf_pipeline - DEBUG - Page 2, Raw Table 0: Identified as relevant 'relative' table. Added for transformation.
2025-06-02 14:23:13,200 - pdf_pipeline - INFO - [cyan]Processing configured page 3[/cyan]
2025-06-02 14:23:13,201 - pdf_pipeline - DEBUG - Starting vertical label extraction for page 3
2025-06-02 14:23:13,399 - pdf_pipeline - DEBUG - Found 3 vertical labels on page 3
2025-06-02 14:23:13,400 - pdf_pipeline - DEBUG - Vertical labels: ['=', '-', '=']
2025-06-02 14:23:13,401 - pdf_pipeline - INFO - [green]Found vertical labels on page 3: ['=', '-', '='][/green]
2025-06-02 14:23:13,408 - pdf_pipeline - DEBUG - Starting vertical label extraction for page 3
2025-06-02 14:23:13,416 - pdf_pipeline - DEBUG - Found 3 vertical labels on page 3
2025-06-02 14:23:13,418 - pdf_pipeline - DEBUG - Vertical labels: ['=', '-', '=']
2025-06-02 14:23:13,526 - pdf_pipeline - DEBUG - [green]Page 3: Extracted 1 raw tables structures[/green]
2025-06-02 14:23:13,528 - pdf_pipeline - DEBUG - Page 3, Raw Table 0: Identified as relevant 'relative' table. Added for transformation.
2025-06-02 14:23:13,529 - pdf_pipeline - INFO - [green]Extracted 2 tables for further transformation from winterweizen-sv-2023.pdf[/green]
2025-06-02 14:23:13,530 - pdf_pipeline - DEBUG - Processing relative table. Year: 2023, Trait: gdy
2025-06-02 14:23:13,531 - pdf_pipeline - DEBUG - Reference row (idx 4): [None, 'rel. 100 = Ertrag (dt/ha)', '93,8', '104,6', '99,2', '111,6', '105,8']
2025-06-02 14:23:13,532 - pdf_pipeline - DEBUG - Using page_vertical_labels: ['=', '-', '=']
2025-06-02 14:23:13,532 - pdf_pipeline - INFO - Successfully mapped 3 page_vertical_labels to data columns: [2, 3, 4]
2025-06-02 14:23:13,534 - pdf_pipeline - DEBUG - Final locations to process: ['=', '-', '=']
2025-06-02 14:23:13,535 - pdf_pipeline - DEBUG - Corresponding column indices: [2, 3, 4]
2025-06-02 14:23:13,536 - pdf_pipeline - DEBUG - Reference map: {2: 93.8, 3: 104.6, 4: 99.2}
2025-06-02 14:23:13,536 - pdf_pipeline - DEBUG - [cyan]Checking exclusion for value:[/cyan] 'vgl. reduziert (dt/ha)'
2025-06-02 14:23:13,537 - pdf_pipeline - DEBUG - [yellow]Testing pattern:[/yellow] type=startswith, value='rel. 100'
2025-06-02 14:23:13,539 - pdf_pipeline - DEBUG - [yellow]Testing pattern:[/yellow] type=startswith, value='alle'
2025-06-02 14:23:13,541 - pdf_pipeline - DEBUG - [yellow]Testing pattern:[/yellow] type=endswith, value='alle'
2025-06-02 14:23:13,542 - pdf_pipeline - DEBUG - [yellow]Testing pattern:[/yellow] type=contains, value='wdurum'
2025-06-02 14:23:13,543 - pdf_pipeline - DEBUG - [red]Excluded variety/row: 'vgl. reduziert (dt/ha)'[/red]
2025-06-02 14:23:13,543 - pdf_pipeline - DEBUG - [cyan]Checking exclusion for value:[/cyan] 'rel. grenzdifferenz (5%)'
2025-06-02 14:23:13,544 - pdf_pipeline - DEBUG - [yellow]Testing pattern:[/yellow] type=startswith, value='rel. 100'
2025-06-02 14:23:13,545 - pdf_pipeline - DEBUG - [yellow]Testing pattern:[/yellow] type=startswith, value='alle'
2025-06-02 14:23:13,546 - pdf_pipeline - DEBUG - [yellow]Testing pattern:[/yellow] type=endswith, value='alle'
2025-06-02 14:23:13,548 - pdf_pipeline - DEBUG - [yellow]Testing pattern:[/yellow] type=contains, value='wdurum'
2025-06-02 14:23:13,548 - pdf_pipeline - DEBUG - [red]Excluded variety/row: 'rel. Grenzdifferenz (5%)'[/red]
2025-06-02 14:23:13,549 - pdf_pipeline - DEBUG - [cyan]Checking exclusion for value:[/cyan] 'e-sorten'
2025-06-02 14:23:13,550 - pdf_pipeline - DEBUG - [yellow]Testing pattern:[/yellow] type=startswith, value='rel. 100'
2025-06-02 14:23:13,551 - pdf_pipeline - DEBUG - [yellow]Testing pattern:[/yellow] type=startswith, value='alle'
2025-06-02 14:23:13,551 - pdf_pipeline - DEBUG - [yellow]Testing pattern:[/yellow] type=endswith, value='alle'
2025-06-02 14:23:13,552 - pdf_pipeline - DEBUG - [yellow]Testing pattern:[/yellow] type=contains, value='wdurum'
2025-06-02 14:23:13,554 - pdf_pipeline - DEBUG - [red]Excluded variety/row: 'E-Sorten'[/red]
2025-06-02 14:23:13,556 - pdf_pipeline - DEBUG - [cyan]Checking exclusion for value:[/cyan] 'kws emerick'
2025-06-02 14:23:13,557 - pdf_pipeline - DEBUG - [yellow]Testing pattern:[/yellow] type=startswith, value='rel. 100'
2025-06-02 14:23:13,558 - pdf_pipeline - DEBUG - [yellow]Testing pattern:[/yellow] type=startswith, value='alle'
2025-06-02 14:23:13,559 - pdf_pipeline - DEBUG - [yellow]Testing pattern:[/yellow] type=endswith, value='alle'
2025-06-02 14:23:13,560 - pdf_pipeline - DEBUG - [yellow]Testing pattern:[/yellow] type=contains, value='wdurum'
2025-06-02 14:23:13,561 - pdf_pipeline - DEBUG - [cyan]Checking exclusion for value:[/cyan] 'a-sorten'
2025-06-02 14:23:13,562 - pdf_pipeline - DEBUG - [yellow]Testing pattern:[/yellow] type=startswith, value='rel. 100'
2025-06-02 14:23:13,563 - pdf_pipeline - DEBUG - [yellow]Testing pattern:[/yellow] type=startswith, value='alle'
2025-06-02 14:23:13,564 - pdf_pipeline - DEBUG - [yellow]Testing pattern:[/yellow] type=endswith, value='alle'
2025-06-02 14:23:13,565 - pdf_pipeline - DEBUG - [yellow]Testing pattern:[/yellow] type=contains, value='wdurum'
2025-06-02 14:23:13,566 - pdf_pipeline - DEBUG - [red]Excluded variety/row: 'A-Sorten'[/red]
2025-06-02 14:23:13,567 - pdf_pipeline - DEBUG - [cyan]Checking exclusion for value:[/cyan] 'rgt reform'
2025-06-02 14:23:13,567 - pdf_pipeline - DEBUG - [yellow]Testing pattern:[/yellow] type=startswith, value='rel. 100'
2025-06-02 14:23:13,568 - pdf_pipeline - DEBUG - [yellow]Testing pattern:[/yellow] type=startswith, value='alle'
2025-06-02 14:23:13,569 - pdf_pipeline - DEBUG - [yellow]Testing pattern:[/yellow] type=endswith, value='alle'
2025-06-02 14:23:13,570 - pdf_pipeline - DEBUG - [yellow]Testing pattern:[/yellow] type=contains, value='wdurum'
2025-06-02 14:23:13,572 - pdf_pipeline - DEBUG - [cyan]Checking exclusion for value:[/cyan] 'asory'
2025-06-02 14:23:13,573 - pdf_pipeline - DEBUG - [yellow]Testing pattern:[/yellow] type=startswith, value='rel. 100'
2025-06-02 14:23:13,574 - pdf_pipeline - DEBUG - [yellow]Testing pattern:[/yellow] type=startswith, value='alle'
2025-06-02 14:23:13,575 - pdf_pipeline - DEBUG - [yellow]Testing pattern:[/yellow] type=endswith, value='alle'
2025-06-02 14:23:13,576 - pdf_pipeline - DEBUG - [yellow]Testing pattern:[/yellow] type=contains, value='wdurum'
2025-06-02 14:23:13,577 - pdf_pipeline - DEBUG - [cyan]Checking exclusion for value:[/cyan] '[lemmy]'
2025-06-02 14:23:13,578 - pdf_pipeline - DEBUG - [yellow]Testing pattern:[/yellow] type=startswith, value='rel. 100'
2025-06-02 14:23:13,579 - pdf_pipeline - DEBUG - [yellow]Testing pattern:[/yellow] type=startswith, value='alle'
2025-06-02 14:23:13,580 - pdf_pipeline - DEBUG - [yellow]Testing pattern:[/yellow] type=endswith, value='alle'
2025-06-02 14:23:13,581 - pdf_pipeline - DEBUG - [yellow]Testing pattern:[/yellow] type=contains, value='wdurum'
2025-06-02 14:23:13,581 - pdf_pipeline - DEBUG - [cyan]Checking exclusion for value:[/cyan] 'lg character'
2025-06-02 14:23:13,582 - pdf_pipeline - DEBUG - [yellow]Testing pattern:[/yellow] type=startswith, value='rel. 100'
2025-06-02 14:23:13,583 - pdf_pipeline - DEBUG - [yellow]Testing pattern:[/yellow] type=startswith, value='alle'
2025-06-02 14:23:13,584 - pdf_pipeline - DEBUG - [yellow]Testing pattern:[/yellow] type=endswith, value='alle'
2025-06-02 14:23:13,585 - pdf_pipeline - DEBUG - [yellow]Testing pattern:[/yellow] type=contains, value='wdurum'
2025-06-02 14:23:13,585 - pdf_pipeline - DEBUG - [cyan]Checking exclusion for value:[/cyan] 'kws donovan'
2025-06-02 14:23:13,586 - pdf_pipeline - DEBUG - [yellow]Testing pattern:[/yellow] type=startswith, value='rel. 100'
2025-06-02 14:23:13,587 - pdf_pipeline - DEBUG - [yellow]Testing pattern:[/yellow] type=startswith, value='alle'
2025-06-02 14:23:13,589 - pdf_pipeline - DEBUG - [yellow]Testing pattern:[/yellow] type=endswith, value='alle'
2025-06-02 14:23:13,591 - pdf_pipeline - DEBUG - [yellow]Testing pattern:[/yellow] type=contains, value='wdurum'
2025-06-02 14:23:13,592 - pdf_pipeline - DEBUG - [cyan]Checking exclusion for value:[/cyan] 'kws imperium'
2025-06-02 14:23:13,593 - pdf_pipeline - DEBUG - [yellow]Testing pattern:[/yellow] type=startswith, value='rel. 100'
2025-06-02 14:23:13,594 - pdf_pipeline - DEBUG - [yellow]Testing pattern:[/yellow] type=startswith, value='alle'
2025-06-02 14:23:13,595 - pdf_pipeline - DEBUG - [yellow]Testing pattern:[/yellow] type=endswith, value='alle'
2025-06-02 14:23:13,596 - pdf_pipeline - DEBUG - [yellow]Testing pattern:[/yellow] type=contains, value='wdurum'
2025-06-02 14:23:13,597 - pdf_pipeline - DEBUG - [cyan]Checking exclusion for value:[/cyan] 'su jonte'
2025-06-02 14:23:13,598 - pdf_pipeline - DEBUG - [yellow]Testing pattern:[/yellow] type=startswith, value='rel. 100'
2025-06-02 14:23:13,599 - pdf_pipeline - DEBUG - [yellow]Testing pattern:[/yellow] type=startswith, value='alle'
2025-06-02 14:23:13,600 - pdf_pipeline - DEBUG - [yellow]Testing pattern:[/yellow] type=endswith, value='alle'
2025-06-02 14:23:13,601 - pdf_pipeline - DEBUG - [yellow]Testing pattern:[/yellow] type=contains, value='wdurum'
2025-06-02 14:23:13,601 - pdf_pipeline - DEBUG - [cyan]Checking exclusion for value:[/cyan] 'su willem'
2025-06-02 14:23:13,602 - pdf_pipeline - DEBUG - [yellow]Testing pattern:[/yellow] type=startswith, value='rel. 100'
2025-06-02 14:23:13,603 - pdf_pipeline - DEBUG - [yellow]Testing pattern:[/yellow] type=startswith, value='alle'
2025-06-02 14:23:13,604 - pdf_pipeline - DEBUG - [yellow]Testing pattern:[/yellow] type=endswith, value='alle'
2025-06-02 14:23:13,606 - pdf_pipeline - DEBUG - [yellow]Testing pattern:[/yellow] type=contains, value='wdurum'
2025-06-02 14:23:13,608 - pdf_pipeline - DEBUG - [cyan]Checking exclusion for value:[/cyan] 'absolut'
2025-06-02 14:23:13,609 - pdf_pipeline - DEBUG - [yellow]Testing pattern:[/yellow] type=startswith, value='rel. 100'
2025-06-02 14:23:13,610 - pdf_pipeline - DEBUG - [yellow]Testing pattern:[/yellow] type=startswith, value='alle'
2025-06-02 14:23:13,610 - pdf_pipeline - DEBUG - [yellow]Testing pattern:[/yellow] type=endswith, value='alle'
2025-06-02 14:23:13,611 - pdf_pipeline - DEBUG - [yellow]Testing pattern:[/yellow] type=contains, value='wdurum'
2025-06-02 14:23:13,612 - pdf_pipeline - DEBUG - [cyan]Checking exclusion for value:[/cyan] 'polarkap'
2025-06-02 14:23:13,613 - pdf_pipeline - DEBUG - [yellow]Testing pattern:[/yellow] type=startswith, value='rel. 100'
2025-06-02 14:23:13,614 - pdf_pipeline - DEBUG - [yellow]Testing pattern:[/yellow] type=startswith, value='alle'
2025-06-02 14:23:13,615 - pdf_pipeline - DEBUG - [yellow]Testing pattern:[/yellow] type=endswith, value='alle'
2025-06-02 14:23:13,617 - pdf_pipeline - DEBUG - [yellow]Testing pattern:[/yellow] type=contains, value='wdurum'
2025-06-02 14:23:13,618 - pdf_pipeline - DEBUG - [cyan]Checking exclusion for value:[/cyan] 'lg optimist'
2025-06-02 14:23:13,619 - pdf_pipeline - DEBUG - [yellow]Testing pattern:[/yellow] type=startswith, value='rel. 100'
2025-06-02 14:23:13,620 - pdf_pipeline - DEBUG - [yellow]Testing pattern:[/yellow] type=startswith, value='alle'
2025-06-02 14:23:13,621 - pdf_pipeline - DEBUG - [yellow]Testing pattern:[/yellow] type=endswith, value='alle'
2025-06-02 14:23:13,623 - pdf_pipeline - DEBUG - [yellow]Testing pattern:[/yellow] type=contains, value='wdurum'
2025-06-02 14:23:13,625 - pdf_pipeline - DEBUG - [cyan]Checking exclusion for value:[/cyan] 'wpb newton'
2025-06-02 14:23:13,627 - pdf_pipeline - DEBUG - [yellow]Testing pattern:[/yellow] type=startswith, value='rel. 100'
2025-06-02 14:23:13,627 - pdf_pipeline - DEBUG - [yellow]Testing pattern:[/yellow] type=startswith, value='alle'
2025-06-02 14:23:13,628 - pdf_pipeline - DEBUG - [yellow]Testing pattern:[/yellow] type=endswith, value='alle'
2025-06-02 14:23:13,629 - pdf_pipeline - DEBUG - [yellow]Testing pattern:[/yellow] type=contains, value='wdurum'
2025-06-02 14:23:13,630 - pdf_pipeline - DEBUG - [cyan]Checking exclusion for value:[/cyan] 'b-sorten'
2025-06-02 14:23:13,632 - pdf_pipeline - DEBUG - [yellow]Testing pattern:[/yellow] type=startswith, value='rel. 100'
2025-06-02 14:23:13,633 - pdf_pipeline - DEBUG - [yellow]Testing pattern:[/yellow] type=startswith, value='alle'
2025-06-02 14:23:13,633 - pdf_pipeline - DEBUG - [yellow]Testing pattern:[/yellow] type=endswith, value='alle'
2025-06-02 14:23:13,634 - pdf_pipeline - DEBUG - [yellow]Testing pattern:[/yellow] type=contains, value='wdurum'
2025-06-02 14:23:13,635 - pdf_pipeline - DEBUG - [red]Excluded variety/row: 'B-Sorten'[/red]
2025-06-02 14:23:13,636 - pdf_pipeline - DEBUG - [cyan]Checking exclusion for value:[/cyan] 'informer'
2025-06-02 14:23:13,637 - pdf_pipeline - DEBUG - [yellow]Testing pattern:[/yellow] type=startswith, value='rel. 100'
2025-06-02 14:23:13,638 - pdf_pipeline - DEBUG - [yellow]Testing pattern:[/yellow] type=startswith, value='alle'
2025-06-02 14:23:13,640 - pdf_pipeline - DEBUG - [yellow]Testing pattern:[/yellow] type=endswith, value='alle'
2025-06-02 14:23:13,641 - pdf_pipeline - DEBUG - [yellow]Testing pattern:[/yellow] type=contains, value='wdurum'
2025-06-02 14:23:13,642 - pdf_pipeline - DEBUG - [cyan]Checking exclusion for value:[/cyan] 'campesino'
2025-06-02 14:23:13,643 - pdf_pipeline - DEBUG - [yellow]Testing pattern:[/yellow] type=startswith, value='rel. 100'
2025-06-02 14:23:13,644 - pdf_pipeline - DEBUG - [yellow]Testing pattern:[/yellow] type=startswith, value='alle'
2025-06-02 14:23:13,645 - pdf_pipeline - DEBUG - [yellow]Testing pattern:[/yellow] type=endswith, value='alle'
2025-06-02 14:23:13,646 - pdf_pipeline - DEBUG - [yellow]Testing pattern:[/yellow] type=contains, value='wdurum'
2025-06-02 14:23:13,647 - pdf_pipeline - DEBUG - [cyan]Checking exclusion for value:[/cyan] 'su fiete'
2025-06-02 14:23:13,648 - pdf_pipeline - DEBUG - [yellow]Testing pattern:[/yellow] type=startswith, value='rel. 100'
2025-06-02 14:23:13,649 - pdf_pipeline - DEBUG - [yellow]Testing pattern:[/yellow] type=startswith, value='alle'
2025-06-02 14:23:13,650 - pdf_pipeline - DEBUG - [yellow]Testing pattern:[/yellow] type=endswith, value='alle'
2025-06-02 14:23:13,651 - pdf_pipeline - DEBUG - [yellow]Testing pattern:[/yellow] type=contains, value='wdurum'
2025-06-02 14:23:13,652 - pdf_pipeline - DEBUG - [cyan]Checking exclusion for value:[/cyan] 'akasha'
2025-06-02 14:23:13,653 - pdf_pipeline - DEBUG - [yellow]Testing pattern:[/yellow] type=startswith, value='rel. 100'
2025-06-02 14:23:13,655 - pdf_pipeline - DEBUG - [yellow]Testing pattern:[/yellow] type=startswith, value='alle'
2025-06-02 14:23:13,656 - pdf_pipeline - DEBUG - [yellow]Testing pattern:[/yellow] type=endswith, value='alle'
2025-06-02 14:23:13,657 - pdf_pipeline - DEBUG - [yellow]Testing pattern:[/yellow] type=contains, value='wdurum'
2025-06-02 14:23:13,659 - pdf_pipeline - DEBUG - [cyan]Checking exclusion for value:[/cyan] 'chevignon'
2025-06-02 14:23:13,660 - pdf_pipeline - DEBUG - [yellow]Testing pattern:[/yellow] type=startswith, value='rel. 100'
2025-06-02 14:23:13,662 - pdf_pipeline - DEBUG - [yellow]Testing pattern:[/yellow] type=startswith, value='alle'
2025-06-02 14:23:13,663 - pdf_pipeline - DEBUG - [yellow]Testing pattern:[/yellow] type=endswith, value='alle'
2025-06-02 14:23:13,664 - pdf_pipeline - DEBUG - [yellow]Testing pattern:[/yellow] type=contains, value='wdurum'
2025-06-02 14:23:13,665 - pdf_pipeline - DEBUG - [cyan]Checking exclusion for value:[/cyan] 'complice (bg)'
2025-06-02 14:23:13,666 - pdf_pipeline - DEBUG - [yellow]Testing pattern:[/yellow] type=startswith, value='rel. 100'
2025-06-02 14:23:13,667 - pdf_pipeline - DEBUG - [yellow]Testing pattern:[/yellow] type=startswith, value='alle'
2025-06-02 14:23:13,668 - pdf_pipeline - DEBUG - [yellow]Testing pattern:[/yellow] type=endswith, value='alle'
2025-06-02 14:23:13,669 - pdf_pipeline - DEBUG - [yellow]Testing pattern:[/yellow] type=contains, value='wdurum'
2025-06-02 14:23:13,670 - pdf_pipeline - DEBUG - [cyan]Checking exclusion for value:[/cyan] 'debian'
2025-06-02 14:23:13,671 - pdf_pipeline - DEBUG - [yellow]Testing pattern:[/yellow] type=startswith, value='rel. 100'
2025-06-02 14:23:13,673 - pdf_pipeline - DEBUG - [yellow]Testing pattern:[/yellow] type=startswith, value='alle'
2025-06-02 14:23:13,674 - pdf_pipeline - DEBUG - [yellow]Testing pattern:[/yellow] type=endswith, value='alle'
2025-06-02 14:23:13,675 - pdf_pipeline - DEBUG - [yellow]Testing pattern:[/yellow] type=contains, value='wdurum'
2025-06-02 14:23:13,677 - pdf_pipeline - DEBUG - [cyan]Checking exclusion for value:[/cyan] 'rgt kreuzer'
2025-06-02 14:23:13,678 - pdf_pipeline - DEBUG - [yellow]Testing pattern:[/yellow] type=startswith, value='rel. 100'
2025-06-02 14:23:13,679 - pdf_pipeline - DEBUG - [yellow]Testing pattern:[/yellow] type=startswith, value='alle'
2025-06-02 14:23:13,679 - pdf_pipeline - DEBUG - [yellow]Testing pattern:[/yellow] type=endswith, value='alle'
2025-06-02 14:23:13,680 - pdf_pipeline - DEBUG - [yellow]Testing pattern:[/yellow] type=contains, value='wdurum'
2025-06-02 14:23:13,681 - pdf_pipeline - DEBUG - [cyan]Checking exclusion for value:[/cyan] 'spectral'
2025-06-02 14:23:13,682 - pdf_pipeline - DEBUG - [yellow]Testing pattern:[/yellow] type=startswith, value='rel. 100'
2025-06-02 14:23:13,683 - pdf_pipeline - DEBUG - [yellow]Testing pattern:[/yellow] type=startswith, value='alle'
2025-06-02 14:23:13,684 - pdf_pipeline - DEBUG - [yellow]Testing pattern:[/yellow] type=endswith, value='alle'
2025-06-02 14:23:13,685 - pdf_pipeline - DEBUG - [yellow]Testing pattern:[/yellow] type=contains, value='wdurum'
2025-06-02 14:23:13,686 - pdf_pipeline - DEBUG - [cyan]Checking exclusion for value:[/cyan] 'kws mintum'
2025-06-02 14:23:13,687 - pdf_pipeline - DEBUG - [yellow]Testing pattern:[/yellow] type=startswith, value='rel. 100'
2025-06-02 14:23:13,688 - pdf_pipeline - DEBUG - [yellow]Testing pattern:[/yellow] type=startswith, value='alle'
2025-06-02 14:23:13,691 - pdf_pipeline - DEBUG - [yellow]Testing pattern:[/yellow] type=endswith, value='alle'
2025-06-02 14:23:13,692 - pdf_pipeline - DEBUG - [yellow]Testing pattern:[/yellow] type=contains, value='wdurum'
2025-06-02 14:23:13,693 - pdf_pipeline - DEBUG - [cyan]Checking exclusion for value:[/cyan] 'c-sorten'
2025-06-02 14:23:13,694 - pdf_pipeline - DEBUG - [yellow]Testing pattern:[/yellow] type=startswith, value='rel. 100'
2025-06-02 14:23:13,695 - pdf_pipeline - DEBUG - [yellow]Testing pattern:[/yellow] type=startswith, value='alle'
2025-06-02 14:23:13,697 - pdf_pipeline - DEBUG - [yellow]Testing pattern:[/yellow] type=endswith, value='alle'
2025-06-02 14:23:13,698 - pdf_pipeline - DEBUG - [yellow]Testing pattern:[/yellow] type=contains, value='wdurum'
2025-06-02 14:23:13,698 - pdf_pipeline - DEBUG - [red]Excluded variety/row: 'C-Sorten'[/red]
2025-06-02 14:23:13,699 - pdf_pipeline - DEBUG - [cyan]Checking exclusion for value:[/cyan] 'kws keitum'
2025-06-02 14:23:13,700 - pdf_pipeline - DEBUG - [yellow]Testing pattern:[/yellow] type=startswith, value='rel. 100'
2025-06-02 14:23:13,701 - pdf_pipeline - DEBUG - [yellow]Testing pattern:[/yellow] type=startswith, value='alle'
2025-06-02 14:23:13,702 - pdf_pipeline - DEBUG - [yellow]Testing pattern:[/yellow] type=endswith, value='alle'
2025-06-02 14:23:13,703 - pdf_pipeline - DEBUG - [yellow]Testing pattern:[/yellow] type=contains, value='wdurum'
2025-06-02 14:23:13,704 - pdf_pipeline - DEBUG - [cyan]Checking exclusion for value:[/cyan] 'revolver'
2025-06-02 14:23:13,705 - pdf_pipeline - DEBUG - [yellow]Testing pattern:[/yellow] type=startswith, value='rel. 100'
2025-06-02 14:23:13,707 - pdf_pipeline - DEBUG - [yellow]Testing pattern:[/yellow] type=startswith, value='alle'
2025-06-02 14:23:13,709 - pdf_pipeline - DEBUG - [yellow]Testing pattern:[/yellow] type=endswith, value='alle'
2025-06-02 14:23:13,710 - pdf_pipeline - DEBUG - [yellow]Testing pattern:[/yellow] type=contains, value='wdurum'
2025-06-02 14:23:13,711 - pdf_pipeline - DEBUG - [cyan]Checking exclusion for value:[/cyan] 'winner (bg)'
2025-06-02 14:23:13,712 - pdf_pipeline - DEBUG - [yellow]Testing pattern:[/yellow] type=startswith, value='rel. 100'
2025-06-02 14:23:13,712 - pdf_pipeline - DEBUG - [yellow]Testing pattern:[/yellow] type=startswith, value='alle'
2025-06-02 14:23:13,713 - pdf_pipeline - DEBUG - [yellow]Testing pattern:[/yellow] type=endswith, value='alle'
2025-06-02 14:23:13,714 - pdf_pipeline - DEBUG - [yellow]Testing pattern:[/yellow] type=contains, value='wdurum'
2025-06-02 14:23:13,715 - pdf_pipeline - DEBUG - [cyan]Checking exclusion for value:[/cyan] 'anhang'
2025-06-02 14:23:13,716 - pdf_pipeline - DEBUG - [yellow]Testing pattern:[/yellow] type=startswith, value='rel. 100'
2025-06-02 14:23:13,717 - pdf_pipeline - DEBUG - [yellow]Testing pattern:[/yellow] type=startswith, value='alle'
2025-06-02 14:23:13,718 - pdf_pipeline - DEBUG - [yellow]Testing pattern:[/yellow] type=endswith, value='alle'
2025-06-02 14:23:13,719 - pdf_pipeline - DEBUG - [yellow]Testing pattern:[/yellow] type=contains, value='wdurum'
2025-06-02 14:23:13,720 - pdf_pipeline - DEBUG - [red]Excluded variety/row: 'Anhang'[/red]
2025-06-02 14:23:13,721 - pdf_pipeline - DEBUG - [cyan]Checking exclusion for value:[/cyan] 'akzent (a)'
2025-06-02 14:23:13,723 - pdf_pipeline - DEBUG - [yellow]Testing pattern:[/yellow] type=startswith, value='rel. 100'
2025-06-02 14:23:13,724 - pdf_pipeline - DEBUG - [yellow]Testing pattern:[/yellow] type=startswith, value='alle'
2025-06-02 14:23:13,726 - pdf_pipeline - DEBUG - [yellow]Testing pattern:[/yellow] type=endswith, value='alle'
2025-06-02 14:23:13,727 - pdf_pipeline - DEBUG - [yellow]Testing pattern:[/yellow] type=contains, value='wdurum'
2025-06-02 14:23:13,728 - pdf_pipeline - DEBUG - Skipping Akzent (A) at =: rel_val is None (original: '')
2025-06-02 14:23:13,729 - pdf_pipeline - DEBUG - Skipping Akzent (A) at -: rel_val is None (original: '')
2025-06-02 14:23:13,730 - pdf_pipeline - DEBUG - Skipping Akzent (A) at =: rel_val is None (original: '')
2025-06-02 14:23:13,731 - pdf_pipeline - DEBUG - [cyan]Checking exclusion for value:[/cyan] 'mortimer [b]'
2025-06-02 14:23:13,732 - pdf_pipeline - DEBUG - [yellow]Testing pattern:[/yellow] type=startswith, value='rel. 100'
2025-06-02 14:23:13,733 - pdf_pipeline - DEBUG - [yellow]Testing pattern:[/yellow] type=startswith, value='alle'
2025-06-02 14:23:13,734 - pdf_pipeline - DEBUG - [yellow]Testing pattern:[/yellow] type=endswith, value='alle'
2025-06-02 14:23:13,735 - pdf_pipeline - DEBUG - [yellow]Testing pattern:[/yellow] type=contains, value='wdurum'
2025-06-02 14:23:13,736 - pdf_pipeline - DEBUG - [cyan]Checking exclusion for value:[/cyan] 'obiwan [b] (bg)'
2025-06-02 14:23:13,737 - pdf_pipeline - DEBUG - [yellow]Testing pattern:[/yellow] type=startswith, value='rel. 100'
2025-06-02 14:23:13,738 - pdf_pipeline - DEBUG - [yellow]Testing pattern:[/yellow] type=startswith, value='alle'
2025-06-02 14:23:13,740 - pdf_pipeline - DEBUG - [yellow]Testing pattern:[/yellow] type=endswith, value='alle'
2025-06-02 14:23:13,741 - pdf_pipeline - DEBUG - [yellow]Testing pattern:[/yellow] type=contains, value='wdurum'
2025-06-02 14:23:13,743 - pdf_pipeline - DEBUG - [cyan]Checking exclusion for value:[/cyan] 'chevignon + latitude xl'
2025-06-02 14:23:13,744 - pdf_pipeline - DEBUG - [yellow]Testing pattern:[/yellow] type=startswith, value='rel. 100'
2025-06-02 14:23:13,745 - pdf_pipeline - DEBUG - [yellow]Testing pattern:[/yellow] type=startswith, value='alle'
2025-06-02 14:23:13,746 - pdf_pipeline - DEBUG - [yellow]Testing pattern:[/yellow] type=endswith, value='alle'
2025-06-02 14:23:13,747 - pdf_pipeline - DEBUG - [yellow]Testing pattern:[/yellow] type=contains, value='wdurum'
2025-06-02 14:23:13,747 - pdf_pipeline - DEBUG - [cyan]Checking exclusion for value:[/cyan] 'durum (hartweizen)'
2025-06-02 14:23:13,748 - pdf_pipeline - DEBUG - [yellow]Testing pattern:[/yellow] type=startswith, value='rel. 100'
2025-06-02 14:23:13,749 - pdf_pipeline - DEBUG - [yellow]Testing pattern:[/yellow] type=startswith, value='alle'
2025-06-02 14:23:13,750 - pdf_pipeline - DEBUG - [yellow]Testing pattern:[/yellow] type=endswith, value='alle'
2025-06-02 14:23:13,751 - pdf_pipeline - DEBUG - [yellow]Testing pattern:[/yellow] type=contains, value='wdurum'
2025-06-02 14:23:13,752 - pdf_pipeline - DEBUG - [red]Excluded variety/row: 'Durum (Hartweizen)'[/red]
2025-06-02 14:23:13,753 - pdf_pipeline - DEBUG - [cyan]Checking exclusion for value:[/cyan] 'sambadur (wdurum)'
2025-06-02 14:23:13,754 - pdf_pipeline - DEBUG - [yellow]Testing pattern:[/yellow] type=startswith, value='rel. 100'
2025-06-02 14:23:13,756 - pdf_pipeline - DEBUG - [yellow]Testing pattern:[/yellow] type=startswith, value='alle'
2025-06-02 14:23:13,757 - pdf_pipeline - DEBUG - [yellow]Testing pattern:[/yellow] type=endswith, value='alle'
2025-06-02 14:23:13,758 - pdf_pipeline - DEBUG - [yellow]Testing pattern:[/yellow] type=contains, value='wdurum'
2025-06-02 14:23:13,760 - pdf_pipeline - DEBUG - [green]Matched 'contains' pattern:[/green] 'wdurum' in 'sambadur (wdurum)'
2025-06-02 14:23:13,761 - pdf_pipeline - DEBUG - [red]Excluded variety/row: 'Sambadur (WDurum)'[/red]
2025-06-02 14:23:13,763 - pdf_pipeline - DEBUG - [cyan]Checking exclusion for value:[/cyan] 'diadur (wdurum)'
2025-06-02 14:23:13,764 - pdf_pipeline - DEBUG - [yellow]Testing pattern:[/yellow] type=startswith, value='rel. 100'
2025-06-02 14:23:13,766 - pdf_pipeline - DEBUG - [yellow]Testing pattern:[/yellow] type=startswith, value='alle'
2025-06-02 14:23:13,767 - pdf_pipeline - DEBUG - [yellow]Testing pattern:[/yellow] type=endswith, value='alle'
2025-06-02 14:23:13,768 - pdf_pipeline - DEBUG - [yellow]Testing pattern:[/yellow] type=contains, value='wdurum'
2025-06-02 14:23:13,769 - pdf_pipeline - DEBUG - [green]Matched 'contains' pattern:[/green] 'wdurum' in 'diadur (wdurum)'
2025-06-02 14:23:13,770 - pdf_pipeline - DEBUG - [red]Excluded variety/row: 'Diadur (WDurum)'[/red]
2025-06-02 14:23:13,771 - pdf_pipeline - DEBUG - [cyan]Checking exclusion for value:[/cyan] 'winterstern (wdurum)'
2025-06-02 14:23:13,773 - pdf_pipeline - DEBUG - [yellow]Testing pattern:[/yellow] type=startswith, value='rel. 100'
2025-06-02 14:23:13,774 - pdf_pipeline - DEBUG - [yellow]Testing pattern:[/yellow] type=startswith, value='alle'
2025-06-02 14:23:13,775 - pdf_pipeline - DEBUG - [yellow]Testing pattern:[/yellow] type=endswith, value='alle'
2025-06-02 14:23:13,776 - pdf_pipeline - DEBUG - [yellow]Testing pattern:[/yellow] type=contains, value='wdurum'
2025-06-02 14:23:13,777 - pdf_pipeline - DEBUG - [green]Matched 'contains' pattern:[/green] 'wdurum' in 'winterstern (wdurum)'
2025-06-02 14:23:13,778 - pdf_pipeline - DEBUG - [red]Excluded variety/row: 'Winterstern (WDurum)'[/red]
2025-06-02 14:23:13,779 - pdf_pipeline - INFO - [green]Transformed 87 rows from relative table for trait 'gdy'[/green]
2025-06-02 14:23:13,780 - pdf_pipeline - DEBUG - Processing relative table. Year: 2023, Trait: gdy
2025-06-02 14:23:13,781 - pdf_pipeline - DEBUG - Reference row (idx 4): [None, 'rel. 100 = Ertrag (dt/ha)', '93,8', '104,6', '99,2', '111,6', '105,8']
2025-06-02 14:23:13,782 - pdf_pipeline - DEBUG - Using page_vertical_labels: ['=', '-', '=']
2025-06-02 14:23:13,783 - pdf_pipeline - INFO - Successfully mapped 3 page_vertical_labels to data columns: [2, 3, 4]
2025-06-02 14:23:13,784 - pdf_pipeline - DEBUG - Final locations to process: ['=', '-', '=']
2025-06-02 14:23:13,784 - pdf_pipeline - DEBUG - Corresponding column indices: [2, 3, 4]
2025-06-02 14:23:13,785 - pdf_pipeline - DEBUG - Reference map: {2: 93.8, 3: 104.6, 4: 99.2}
2025-06-02 14:23:13,786 - pdf_pipeline - DEBUG - [cyan]Checking exclusion for value:[/cyan] 'vgl. reduziert (dt/ha)'
2025-06-02 14:23:13,788 - pdf_pipeline - DEBUG - [yellow]Testing pattern:[/yellow] type=startswith, value='rel. 100'
2025-06-02 14:23:13,789 - pdf_pipeline - DEBUG - [yellow]Testing pattern:[/yellow] type=startswith, value='alle'
2025-06-02 14:23:13,791 - pdf_pipeline - DEBUG - [yellow]Testing pattern:[/yellow] type=endswith, value='alle'
2025-06-02 14:23:13,791 - pdf_pipeline - DEBUG - [yellow]Testing pattern:[/yellow] type=contains, value='wdurum'
2025-06-02 14:23:13,793 - pdf_pipeline - DEBUG - [red]Excluded variety/row: 'vgl. reduziert (dt/ha)'[/red]
2025-06-02 14:23:13,794 - pdf_pipeline - DEBUG - [cyan]Checking exclusion for value:[/cyan] 'rel. grenzdifferenz (5%)'
2025-06-02 14:23:13,795 - pdf_pipeline - DEBUG - [yellow]Testing pattern:[/yellow] type=startswith, value='rel. 100'
2025-06-02 14:23:13,796 - pdf_pipeline - DEBUG - [yellow]Testing pattern:[/yellow] type=startswith, value='alle'
2025-06-02 14:23:13,797 - pdf_pipeline - DEBUG - [yellow]Testing pattern:[/yellow] type=endswith, value='alle'
2025-06-02 14:23:13,798 - pdf_pipeline - DEBUG - [yellow]Testing pattern:[/yellow] type=contains, value='wdurum'
2025-06-02 14:23:13,800 - pdf_pipeline - DEBUG - [red]Excluded variety/row: 'rel. Grenzdifferenz (5%)'[/red]
2025-06-02 14:23:13,802 - pdf_pipeline - DEBUG - [cyan]Checking exclusion for value:[/cyan] 'e-sorten'
2025-06-02 14:23:13,804 - pdf_pipeline - DEBUG - [yellow]Testing pattern:[/yellow] type=startswith, value='rel. 100'
2025-06-02 14:23:13,807 - pdf_pipeline - DEBUG - [yellow]Testing pattern:[/yellow] type=startswith, value='alle'
2025-06-02 14:23:13,810 - pdf_pipeline - DEBUG - [yellow]Testing pattern:[/yellow] type=endswith, value='alle'
2025-06-02 14:23:13,812 - pdf_pipeline - DEBUG - [yellow]Testing pattern:[/yellow] type=contains, value='wdurum'
2025-06-02 14:23:13,814 - pdf_pipeline - DEBUG - [red]Excluded variety/row: 'E-Sorten'[/red]
2025-06-02 14:23:13,816 - pdf_pipeline - DEBUG - [cyan]Checking exclusion for value:[/cyan] 'kws emerick'
2025-06-02 14:23:13,818 - pdf_pipeline - DEBUG - [yellow]Testing pattern:[/yellow] type=startswith, value='rel. 100'
2025-06-02 14:23:13,820 - pdf_pipeline - DEBUG - [yellow]Testing pattern:[/yellow] type=startswith, value='alle'
2025-06-02 14:23:13,822 - pdf_pipeline - DEBUG - [yellow]Testing pattern:[/yellow] type=endswith, value='alle'
2025-06-02 14:23:13,824 - pdf_pipeline - DEBUG - [yellow]Testing pattern:[/yellow] type=contains, value='wdurum'
2025-06-02 14:23:13,826 - pdf_pipeline - DEBUG - [cyan]Checking exclusion for value:[/cyan] 'a-sorten'
2025-06-02 14:23:13,828 - pdf_pipeline - DEBUG - [yellow]Testing pattern:[/yellow] type=startswith, value='rel. 100'
2025-06-02 14:23:13,829 - pdf_pipeline - DEBUG - [yellow]Testing pattern:[/yellow] type=startswith, value='alle'
2025-06-02 14:23:13,830 - pdf_pipeline - DEBUG - [yellow]Testing pattern:[/yellow] type=endswith, value='alle'
2025-06-02 14:23:13,831 - pdf_pipeline - DEBUG - [yellow]Testing pattern:[/yellow] type=contains, value='wdurum'
2025-06-02 14:23:13,834 - pdf_pipeline - DEBUG - [red]Excluded variety/row: 'A-Sorten'[/red]
2025-06-02 14:23:13,835 - pdf_pipeline - DEBUG - [cyan]Checking exclusion for value:[/cyan] 'rgt reform'
2025-06-02 14:23:13,837 - pdf_pipeline - DEBUG - [yellow]Testing pattern:[/yellow] type=startswith, value='rel. 100'
2025-06-02 14:23:13,839 - pdf_pipeline - DEBUG - [yellow]Testing pattern:[/yellow] type=startswith, value='alle'
2025-06-02 14:23:13,841 - pdf_pipeline - DEBUG - [yellow]Testing pattern:[/yellow] type=endswith, value='alle'
2025-06-02 14:23:13,842 - pdf_pipeline - DEBUG - [yellow]Testing pattern:[/yellow] type=contains, value='wdurum'
2025-06-02 14:23:13,843 - pdf_pipeline - DEBUG - [cyan]Checking exclusion for value:[/cyan] 'asory'
2025-06-02 14:23:13,844 - pdf_pipeline - DEBUG - [yellow]Testing pattern:[/yellow] type=startswith, value='rel. 100'
2025-06-02 14:23:13,845 - pdf_pipeline - DEBUG - [yellow]Testing pattern:[/yellow] type=startswith, value='alle'
2025-06-02 14:23:13,846 - pdf_pipeline - DEBUG - [yellow]Testing pattern:[/yellow] type=endswith, value='alle'
2025-06-02 14:23:13,847 - pdf_pipeline - DEBUG - [yellow]Testing pattern:[/yellow] type=contains, value='wdurum'
2025-06-02 14:23:13,848 - pdf_pipeline - DEBUG - [cyan]Checking exclusion for value:[/cyan] '[lemmy]'
2025-06-02 14:23:13,848 - pdf_pipeline - DEBUG - [yellow]Testing pattern:[/yellow] type=startswith, value='rel. 100'
2025-06-02 14:23:13,849 - pdf_pipeline - DEBUG - [yellow]Testing pattern:[/yellow] type=startswith, value='alle'
2025-06-02 14:23:13,850 - pdf_pipeline - DEBUG - [yellow]Testing pattern:[/yellow] type=endswith, value='alle'
2025-06-02 14:23:13,851 - pdf_pipeline - DEBUG - [yellow]Testing pattern:[/yellow] type=contains, value='wdurum'
2025-06-02 14:23:13,852 - pdf_pipeline - DEBUG - [cyan]Checking exclusion for value:[/cyan] 'lg character'
2025-06-02 14:23:13,853 - pdf_pipeline - DEBUG - [yellow]Testing pattern:[/yellow] type=startswith, value='rel. 100'
2025-06-02 14:23:13,854 - pdf_pipeline - DEBUG - [yellow]Testing pattern:[/yellow] type=startswith, value='alle'
2025-06-02 14:23:13,855 - pdf_pipeline - DEBUG - [yellow]Testing pattern:[/yellow] type=endswith, value='alle'
2025-06-02 14:23:13,857 - pdf_pipeline - DEBUG - [yellow]Testing pattern:[/yellow] type=contains, value='wdurum'
2025-06-02 14:23:13,858 - pdf_pipeline - DEBUG - [cyan]Checking exclusion for value:[/cyan] 'kws donovan'
2025-06-02 14:23:13,859 - pdf_pipeline - DEBUG - [yellow]Testing pattern:[/yellow] type=startswith, value='rel. 100'
2025-06-02 14:23:13,859 - pdf_pipeline - DEBUG - [yellow]Testing pattern:[/yellow] type=startswith, value='alle'
2025-06-02 14:23:13,860 - pdf_pipeline - DEBUG - [yellow]Testing pattern:[/yellow] type=endswith, value='alle'
2025-06-02 14:23:13,861 - pdf_pipeline - DEBUG - [yellow]Testing pattern:[/yellow] type=contains, value='wdurum'
2025-06-02 14:23:13,862 - pdf_pipeline - DEBUG - [cyan]Checking exclusion for value:[/cyan] 'kws imperium'
2025-06-02 14:23:13,863 - pdf_pipeline - DEBUG - [yellow]Testing pattern:[/yellow] type=startswith, value='rel. 100'
2025-06-02 14:23:13,864 - pdf_pipeline - DEBUG - [yellow]Testing pattern:[/yellow] type=startswith, value='alle'
2025-06-02 14:23:13,865 - pdf_pipeline - DEBUG - [yellow]Testing pattern:[/yellow] type=endswith, value='alle'
2025-06-02 14:23:13,865 - pdf_pipeline - DEBUG - [yellow]Testing pattern:[/yellow] type=contains, value='wdurum'
2025-06-02 14:23:13,866 - pdf_pipeline - DEBUG - [cyan]Checking exclusion for value:[/cyan] 'su jonte'
2025-06-02 14:23:13,867 - pdf_pipeline - DEBUG - [yellow]Testing pattern:[/yellow] type=startswith, value='rel. 100'
2025-06-02 14:23:13,868 - pdf_pipeline - DEBUG - [yellow]Testing pattern:[/yellow] type=startswith, value='alle'
2025-06-02 14:23:13,869 - pdf_pipeline - DEBUG - [yellow]Testing pattern:[/yellow] type=endswith, value='alle'
2025-06-02 14:23:13,870 - pdf_pipeline - DEBUG - [yellow]Testing pattern:[/yellow] type=contains, value='wdurum'
2025-06-02 14:23:13,871 - pdf_pipeline - DEBUG - [cyan]Checking exclusion for value:[/cyan] 'su willem'
2025-06-02 14:23:13,873 - pdf_pipeline - DEBUG - [yellow]Testing pattern:[/yellow] type=startswith, value='rel. 100'
2025-06-02 14:23:13,874 - pdf_pipeline - DEBUG - [yellow]Testing pattern:[/yellow] type=startswith, value='alle'
2025-06-02 14:23:13,875 - pdf_pipeline - DEBUG - [yellow]Testing pattern:[/yellow] type=endswith, value='alle'
2025-06-02 14:23:13,876 - pdf_pipeline - DEBUG - [yellow]Testing pattern:[/yellow] type=contains, value='wdurum'
2025-06-02 14:23:13,877 - pdf_pipeline - DEBUG - [cyan]Checking exclusion for value:[/cyan] 'absolut'
2025-06-02 14:23:13,878 - pdf_pipeline - DEBUG - [yellow]Testing pattern:[/yellow] type=startswith, value='rel. 100'
2025-06-02 14:23:13,879 - pdf_pipeline - DEBUG - [yellow]Testing pattern:[/yellow] type=startswith, value='alle'
2025-06-02 14:23:13,880 - pdf_pipeline - DEBUG - [yellow]Testing pattern:[/yellow] type=endswith, value='alle'
2025-06-02 14:23:13,881 - pdf_pipeline - DEBUG - [yellow]Testing pattern:[/yellow] type=contains, value='wdurum'
2025-06-02 14:23:13,882 - pdf_pipeline - DEBUG - [cyan]Checking exclusion for value:[/cyan] 'polarkap'
2025-06-02 14:23:13,883 - pdf_pipeline - DEBUG - [yellow]Testing pattern:[/yellow] type=startswith, value='rel. 100'
2025-06-02 14:23:13,884 - pdf_pipeline - DEBUG - [yellow]Testing pattern:[/yellow] type=startswith, value='alle'
2025-06-02 14:23:13,885 - pdf_pipeline - DEBUG - [yellow]Testing pattern:[/yellow] type=endswith, value='alle'
2025-06-02 14:23:13,886 - pdf_pipeline - DEBUG - [yellow]Testing pattern:[/yellow] type=contains, value='wdurum'
2025-06-02 14:23:13,886 - pdf_pipeline - DEBUG - [cyan]Checking exclusion for value:[/cyan] 'lg optimist'
2025-06-02 14:23:13,887 - pdf_pipeline - DEBUG - [yellow]Testing pattern:[/yellow] type=startswith, value='rel. 100'
2025-06-02 14:23:13,889 - pdf_pipeline - DEBUG - [yellow]Testing pattern:[/yellow] type=startswith, value='alle'
2025-06-02 14:23:13,890 - pdf_pipeline - DEBUG - [yellow]Testing pattern:[/yellow] type=endswith, value='alle'
2025-06-02 14:23:13,891 - pdf_pipeline - DEBUG - [yellow]Testing pattern:[/yellow] type=contains, value='wdurum'
2025-06-02 14:23:13,892 - pdf_pipeline - DEBUG - [cyan]Checking exclusion for value:[/cyan] 'wpb newton'
2025-06-02 14:23:13,893 - pdf_pipeline - DEBUG - [yellow]Testing pattern:[/yellow] type=startswith, value='rel. 100'
2025-06-02 14:23:13,894 - pdf_pipeline - DEBUG - [yellow]Testing pattern:[/yellow] type=startswith, value='alle'
2025-06-02 14:23:13,895 - pdf_pipeline - DEBUG - [yellow]Testing pattern:[/yellow] type=endswith, value='alle'
2025-06-02 14:23:13,896 - pdf_pipeline - DEBUG - [yellow]Testing pattern:[/yellow] type=contains, value='wdurum'
2025-06-02 14:23:13,897 - pdf_pipeline - DEBUG - [cyan]Checking exclusion for value:[/cyan] 'b-sorten'
2025-06-02 14:23:13,898 - pdf_pipeline - DEBUG - [yellow]Testing pattern:[/yellow] type=startswith, value='rel. 100'
2025-06-02 14:23:13,898 - pdf_pipeline - DEBUG - [yellow]Testing pattern:[/yellow] type=startswith, value='alle'
2025-06-02 14:23:13,899 - pdf_pipeline - DEBUG - [yellow]Testing pattern:[/yellow] type=endswith, value='alle'
2025-06-02 14:23:13,900 - pdf_pipeline - DEBUG - [yellow]Testing pattern:[/yellow] type=contains, value='wdurum'
2025-06-02 14:23:13,901 - pdf_pipeline - DEBUG - [red]Excluded variety/row: 'B-Sorten'[/red]
2025-06-02 14:23:13,902 - pdf_pipeline - DEBUG - [cyan]Checking exclusion for value:[/cyan] 'informer'
2025-06-02 14:23:13,903 - pdf_pipeline - DEBUG - [yellow]Testing pattern:[/yellow] type=startswith, value='rel. 100'
2025-06-02 14:23:13,904 - pdf_pipeline - DEBUG - [yellow]Testing pattern:[/yellow] type=startswith, value='alle'
2025-06-02 14:23:13,905 - pdf_pipeline - DEBUG - [yellow]Testing pattern:[/yellow] type=endswith, value='alle'
2025-06-02 14:23:13,908 - pdf_pipeline - DEBUG - [yellow]Testing pattern:[/yellow] type=contains, value='wdurum'
2025-06-02 14:23:13,909 - pdf_pipeline - DEBUG - [cyan]Checking exclusion for value:[/cyan] 'campesino'
2025-06-02 14:23:13,910 - pdf_pipeline - DEBUG - [yellow]Testing pattern:[/yellow] type=startswith, value='rel. 100'
2025-06-02 14:23:13,910 - pdf_pipeline - DEBUG - [yellow]Testing pattern:[/yellow] type=startswith, value='alle'
2025-06-02 14:23:13,912 - pdf_pipeline - DEBUG - [yellow]Testing pattern:[/yellow] type=endswith, value='alle'
2025-06-02 14:23:13,914 - pdf_pipeline - DEBUG - [yellow]Testing pattern:[/yellow] type=contains, value='wdurum'
2025-06-02 14:23:13,915 - pdf_pipeline - DEBUG - [cyan]Checking exclusion for value:[/cyan] 'su fiete'
2025-06-02 14:23:13,916 - pdf_pipeline - DEBUG - [yellow]Testing pattern:[/yellow] type=startswith, value='rel. 100'
2025-06-02 14:23:13,916 - pdf_pipeline - DEBUG - [yellow]Testing pattern:[/yellow] type=startswith, value='alle'
2025-06-02 14:23:13,917 - pdf_pipeline - DEBUG - [yellow]Testing pattern:[/yellow] type=endswith, value='alle'
2025-06-02 14:23:13,918 - pdf_pipeline - DEBUG - [yellow]Testing pattern:[/yellow] type=contains, value='wdurum'
2025-06-02 14:23:13,919 - pdf_pipeline - DEBUG - [cyan]Checking exclusion for value:[/cyan] 'akasha'
2025-06-02 14:23:13,920 - pdf_pipeline - DEBUG - [yellow]Testing pattern:[/yellow] type=startswith, value='rel. 100'
2025-06-02 14:23:13,921 - pdf_pipeline - DEBUG - [yellow]Testing pattern:[/yellow] type=startswith, value='alle'
2025-06-02 14:23:13,924 - pdf_pipeline - DEBUG - [yellow]Testing pattern:[/yellow] type=endswith, value='alle'
2025-06-02 14:23:13,925 - pdf_pipeline - DEBUG - [yellow]Testing pattern:[/yellow] type=contains, value='wdurum'
2025-06-02 14:23:13,926 - pdf_pipeline - DEBUG - [cyan]Checking exclusion for value:[/cyan] 'chevignon'
2025-06-02 14:23:13,927 - pdf_pipeline - DEBUG - [yellow]Testing pattern:[/yellow] type=startswith, value='rel. 100'
2025-06-02 14:23:13,928 - pdf_pipeline - DEBUG - [yellow]Testing pattern:[/yellow] type=startswith, value='alle'
2025-06-02 14:23:13,928 - pdf_pipeline - DEBUG - [yellow]Testing pattern:[/yellow] type=endswith, value='alle'
2025-06-02 14:23:13,929 - pdf_pipeline - DEBUG - [yellow]Testing pattern:[/yellow] type=contains, value='wdurum'
2025-06-02 14:23:13,931 - pdf_pipeline - DEBUG - [cyan]Checking exclusion for value:[/cyan] 'complice (bg)'
2025-06-02 14:23:13,932 - pdf_pipeline - DEBUG - [yellow]Testing pattern:[/yellow] type=startswith, value='rel. 100'
2025-06-02 14:23:13,933 - pdf_pipeline - DEBUG - [yellow]Testing pattern:[/yellow] type=startswith, value='alle'
2025-06-02 14:23:13,934 - pdf_pipeline - DEBUG - [yellow]Testing pattern:[/yellow] type=endswith, value='alle'
2025-06-02 14:23:13,935 - pdf_pipeline - DEBUG - [yellow]Testing pattern:[/yellow] type=contains, value='wdurum'
2025-06-02 14:23:13,936 - pdf_pipeline - DEBUG - [cyan]Checking exclusion for value:[/cyan] 'debian'
2025-06-02 14:23:13,937 - pdf_pipeline - DEBUG - [yellow]Testing pattern:[/yellow] type=startswith, value='rel. 100'
2025-06-02 14:23:13,939 - pdf_pipeline - DEBUG - [yellow]Testing pattern:[/yellow] type=startswith, value='alle'
2025-06-02 14:23:13,941 - pdf_pipeline - DEBUG - [yellow]Testing pattern:[/yellow] type=endswith, value='alle'
2025-06-02 14:23:13,943 - pdf_pipeline - DEBUG - [yellow]Testing pattern:[/yellow] type=contains, value='wdurum'
2025-06-02 14:23:13,945 - pdf_pipeline - DEBUG - [cyan]Checking exclusion for value:[/cyan] 'rgt kreuzer'
2025-06-02 14:23:13,946 - pdf_pipeline - DEBUG - [yellow]Testing pattern:[/yellow] type=startswith, value='rel. 100'
2025-06-02 14:23:13,948 - pdf_pipeline - DEBUG - [yellow]Testing pattern:[/yellow] type=startswith, value='alle'
2025-06-02 14:23:13,950 - pdf_pipeline - DEBUG - [yellow]Testing pattern:[/yellow] type=endswith, value='alle'
2025-06-02 14:23:13,951 - pdf_pipeline - DEBUG - [yellow]Testing pattern:[/yellow] type=contains, value='wdurum'
2025-06-02 14:23:13,953 - pdf_pipeline - DEBUG - [cyan]Checking exclusion for value:[/cyan] 'spectral'
2025-06-02 14:23:13,954 - pdf_pipeline - DEBUG - [yellow]Testing pattern:[/yellow] type=startswith, value='rel. 100'
2025-06-02 14:23:13,956 - pdf_pipeline - DEBUG - [yellow]Testing pattern:[/yellow] type=startswith, value='alle'
2025-06-02 14:23:13,958 - pdf_pipeline - DEBUG - [yellow]Testing pattern:[/yellow] type=endswith, value='alle'
2025-06-02 14:23:13,959 - pdf_pipeline - DEBUG - [yellow]Testing pattern:[/yellow] type=contains, value='wdurum'
2025-06-02 14:23:13,960 - pdf_pipeline - DEBUG - [cyan]Checking exclusion for value:[/cyan] 'kws mintum'
2025-06-02 14:23:13,962 - pdf_pipeline - DEBUG - [yellow]Testing pattern:[/yellow] type=startswith, value='rel. 100'
2025-06-02 14:23:13,963 - pdf_pipeline - DEBUG - [yellow]Testing pattern:[/yellow] type=startswith, value='alle'
2025-06-02 14:23:13,964 - pdf_pipeline - DEBUG - [yellow]Testing pattern:[/yellow] type=endswith, value='alle'
2025-06-02 14:23:13,965 - pdf_pipeline - DEBUG - [yellow]Testing pattern:[/yellow] type=contains, value='wdurum'
2025-06-02 14:23:13,966 - pdf_pipeline - DEBUG - [cyan]Checking exclusion for value:[/cyan] 'c-sorten'
2025-06-02 14:23:13,967 - pdf_pipeline - DEBUG - [yellow]Testing pattern:[/yellow] type=startswith, value='rel. 100'
2025-06-02 14:23:13,968 - pdf_pipeline - DEBUG - [yellow]Testing pattern:[/yellow] type=startswith, value='alle'
2025-06-02 14:23:13,969 - pdf_pipeline - DEBUG - [yellow]Testing pattern:[/yellow] type=endswith, value='alle'
2025-06-02 14:23:13,970 - pdf_pipeline - DEBUG - [yellow]Testing pattern:[/yellow] type=contains, value='wdurum'
2025-06-02 14:23:13,971 - pdf_pipeline - DEBUG - [red]Excluded variety/row: 'C-Sorten'[/red]
2025-06-02 14:23:13,973 - pdf_pipeline - DEBUG - [cyan]Checking exclusion for value:[/cyan] 'kws keitum'
2025-06-02 14:23:13,975 - pdf_pipeline - DEBUG - [yellow]Testing pattern:[/yellow] type=startswith, value='rel. 100'
2025-06-02 14:23:13,977 - pdf_pipeline - DEBUG - [yellow]Testing pattern:[/yellow] type=startswith, value='alle'
2025-06-02 14:23:13,979 - pdf_pipeline - DEBUG - [yellow]Testing pattern:[/yellow] type=endswith, value='alle'
2025-06-02 14:23:13,980 - pdf_pipeline - DEBUG - [yellow]Testing pattern:[/yellow] type=contains, value='wdurum'
2025-06-02 14:23:13,982 - pdf_pipeline - DEBUG - [cyan]Checking exclusion for value:[/cyan] 'revolver'
2025-06-02 14:23:13,983 - pdf_pipeline - DEBUG - [yellow]Testing pattern:[/yellow] type=startswith, value='rel. 100'
2025-06-02 14:23:13,985 - pdf_pipeline - DEBUG - [yellow]Testing pattern:[/yellow] type=startswith, value='alle'
2025-06-02 14:23:13,986 - pdf_pipeline - DEBUG - [yellow]Testing pattern:[/yellow] type=endswith, value='alle'
2025-06-02 14:23:13,988 - pdf_pipeline - DEBUG - [yellow]Testing pattern:[/yellow] type=contains, value='wdurum'
2025-06-02 14:23:13,990 - pdf_pipeline - DEBUG - [cyan]Checking exclusion for value:[/cyan] 'winner (bg)'
2025-06-02 14:23:13,991 - pdf_pipeline - DEBUG - [yellow]Testing pattern:[/yellow] type=startswith, value='rel. 100'
2025-06-02 14:23:13,993 - pdf_pipeline - DEBUG - [yellow]Testing pattern:[/yellow] type=startswith, value='alle'
2025-06-02 14:23:13,994 - pdf_pipeline - DEBUG - [yellow]Testing pattern:[/yellow] type=endswith, value='alle'
2025-06-02 14:23:13,996 - pdf_pipeline - DEBUG - [yellow]Testing pattern:[/yellow] type=contains, value='wdurum'
2025-06-02 14:23:13,997 - pdf_pipeline - DEBUG - [cyan]Checking exclusion for value:[/cyan] 'anhang'
2025-06-02 14:23:13,998 - pdf_pipeline - DEBUG - [yellow]Testing pattern:[/yellow] type=startswith, value='rel. 100'
2025-06-02 14:23:13,999 - pdf_pipeline - DEBUG - [yellow]Testing pattern:[/yellow] type=startswith, value='alle'
2025-06-02 14:23:14,000 - pdf_pipeline - DEBUG - [yellow]Testing pattern:[/yellow] type=endswith, value='alle'
2025-06-02 14:23:14,001 - pdf_pipeline - DEBUG - [yellow]Testing pattern:[/yellow] type=contains, value='wdurum'
2025-06-02 14:23:14,002 - pdf_pipeline - DEBUG - [red]Excluded variety/row: 'Anhang'[/red]
2025-06-02 14:23:14,003 - pdf_pipeline - DEBUG - [cyan]Checking exclusion for value:[/cyan] 'akzent (a)'
2025-06-02 14:23:14,003 - pdf_pipeline - DEBUG - [yellow]Testing pattern:[/yellow] type=startswith, value='rel. 100'
2025-06-02 14:23:14,005 - pdf_pipeline - DEBUG - [yellow]Testing pattern:[/yellow] type=startswith, value='alle'
2025-06-02 14:23:14,007 - pdf_pipeline - DEBUG - [yellow]Testing pattern:[/yellow] type=endswith, value='alle'
2025-06-02 14:23:14,008 - pdf_pipeline - DEBUG - [yellow]Testing pattern:[/yellow] type=contains, value='wdurum'
2025-06-02 14:23:14,009 - pdf_pipeline - DEBUG - Skipping Akzent (A) at =: rel_val is None (original: '')
2025-06-02 14:23:14,010 - pdf_pipeline - DEBUG - Skipping Akzent (A) at -: rel_val is None (original: '')
2025-06-02 14:23:14,011 - pdf_pipeline - DEBUG - Skipping Akzent (A) at =: rel_val is None (original: '')
2025-06-02 14:23:14,012 - pdf_pipeline - DEBUG - [cyan]Checking exclusion for value:[/cyan] 'mortimer [b]'
2025-06-02 14:23:14,013 - pdf_pipeline - DEBUG - [yellow]Testing pattern:[/yellow] type=startswith, value='rel. 100'
2025-06-02 14:23:14,015 - pdf_pipeline - DEBUG - [yellow]Testing pattern:[/yellow] type=startswith, value='alle'
2025-06-02 14:23:14,016 - pdf_pipeline - DEBUG - [yellow]Testing pattern:[/yellow] type=endswith, value='alle'
2025-06-02 14:23:14,017 - pdf_pipeline - DEBUG - [yellow]Testing pattern:[/yellow] type=contains, value='wdurum'
2025-06-02 14:23:14,019 - pdf_pipeline - DEBUG - [cyan]Checking exclusion for value:[/cyan] 'obiwan [b] (bg)'
2025-06-02 14:23:14,020 - pdf_pipeline - DEBUG - [yellow]Testing pattern:[/yellow] type=startswith, value='rel. 100'
2025-06-02 14:23:14,022 - pdf_pipeline - DEBUG - [yellow]Testing pattern:[/yellow] type=startswith, value='alle'
2025-06-02 14:23:14,024 - pdf_pipeline - DEBUG - [yellow]Testing pattern:[/yellow] type=endswith, value='alle'
2025-06-02 14:23:14,026 - pdf_pipeline - DEBUG - [yellow]Testing pattern:[/yellow] type=contains, value='wdurum'
2025-06-02 14:23:14,027 - pdf_pipeline - DEBUG - [cyan]Checking exclusion for value:[/cyan] 'chevignon + latitude xl'
2025-06-02 14:23:14,028 - pdf_pipeline - DEBUG - [yellow]Testing pattern:[/yellow] type=startswith, value='rel. 100'
2025-06-02 14:23:14,029 - pdf_pipeline - DEBUG - [yellow]Testing pattern:[/yellow] type=startswith, value='alle'
2025-06-02 14:23:14,030 - pdf_pipeline - DEBUG - [yellow]Testing pattern:[/yellow] type=endswith, value='alle'
2025-06-02 14:23:14,031 - pdf_pipeline - DEBUG - [yellow]Testing pattern:[/yellow] type=contains, value='wdurum'
2025-06-02 14:23:14,032 - pdf_pipeline - DEBUG - [cyan]Checking exclusion for value:[/cyan] 'durum (hartweizen)'
2025-06-02 14:23:14,033 - pdf_pipeline - DEBUG - [yellow]Testing pattern:[/yellow] type=startswith, value='rel. 100'
2025-06-02 14:23:14,034 - pdf_pipeline - DEBUG - [yellow]Testing pattern:[/yellow] type=startswith, value='alle'
2025-06-02 14:23:14,035 - pdf_pipeline - DEBUG - [yellow]Testing pattern:[/yellow] type=endswith, value='alle'
2025-06-02 14:23:14,035 - pdf_pipeline - DEBUG - [yellow]Testing pattern:[/yellow] type=contains, value='wdurum'
2025-06-02 14:23:14,036 - pdf_pipeline - DEBUG - [red]Excluded variety/row: 'Durum (Hartweizen)'[/red]
2025-06-02 14:23:14,037 - pdf_pipeline - DEBUG - [cyan]Checking exclusion for value:[/cyan] 'sambadur (wdurum)'
2025-06-02 14:23:14,039 - pdf_pipeline - DEBUG - [yellow]Testing pattern:[/yellow] type=startswith, value='rel. 100'
2025-06-02 14:23:14,041 - pdf_pipeline - DEBUG - [yellow]Testing pattern:[/yellow] type=startswith, value='alle'
2025-06-02 14:23:14,042 - pdf_pipeline - DEBUG - [yellow]Testing pattern:[/yellow] type=endswith, value='alle'
2025-06-02 14:23:14,043 - pdf_pipeline - DEBUG - [yellow]Testing pattern:[/yellow] type=contains, value='wdurum'
2025-06-02 14:23:14,044 - pdf_pipeline - DEBUG - [green]Matched 'contains' pattern:[/green] 'wdurum' in 'sambadur (wdurum)'
2025-06-02 14:23:14,045 - pdf_pipeline - DEBUG - [red]Excluded variety/row: 'Sambadur (WDurum)'[/red]
2025-06-02 14:23:14,046 - pdf_pipeline - DEBUG - [cyan]Checking exclusion for value:[/cyan] 'diadur (wdurum)'
2025-06-02 14:23:14,047 - pdf_pipeline - DEBUG - [yellow]Testing pattern:[/yellow] type=startswith, value='rel. 100'
2025-06-02 14:23:14,047 - pdf_pipeline - DEBUG - [yellow]Testing pattern:[/yellow] type=startswith, value='alle'
2025-06-02 14:23:14,048 - pdf_pipeline - DEBUG - [yellow]Testing pattern:[/yellow] type=endswith, value='alle'
2025-06-02 14:23:14,049 - pdf_pipeline - DEBUG - [yellow]Testing pattern:[/yellow] type=contains, value='wdurum'
2025-06-02 14:23:14,050 - pdf_pipeline - DEBUG - [green]Matched 'contains' pattern:[/green] 'wdurum' in 'diadur (wdurum)'
2025-06-02 14:23:14,051 - pdf_pipeline - DEBUG - [red]Excluded variety/row: 'Diadur (WDurum)'[/red]
2025-06-02 14:23:14,052 - pdf_pipeline - DEBUG - [cyan]Checking exclusion for value:[/cyan] 'winterstern (wdurum)'
2025-06-02 14:23:14,053 - pdf_pipeline - DEBUG - [yellow]Testing pattern:[/yellow] type=startswith, value='rel. 100'
2025-06-02 14:23:14,054 - pdf_pipeline - DEBUG - [yellow]Testing pattern:[/yellow] type=startswith, value='alle'
2025-06-02 14:23:14,055 - pdf_pipeline - DEBUG - [yellow]Testing pattern:[/yellow] type=endswith, value='alle'
2025-06-02 14:23:14,057 - pdf_pipeline - DEBUG - [yellow]Testing pattern:[/yellow] type=contains, value='wdurum'
2025-06-02 14:23:14,059 - pdf_pipeline - DEBUG - [green]Matched 'contains' pattern:[/green] 'wdurum' in 'winterstern (wdurum)'
2025-06-02 14:23:14,060 - pdf_pipeline - DEBUG - [red]Excluded variety/row: 'Winterstern (WDurum)'[/red]
2025-06-02 14:23:14,061 - pdf_pipeline - INFO - [green]Transformed 87 rows from relative table for trait 'gdy'[/green]
2025-06-02 14:23:14,346 - pdf_pipeline - INFO - [green]Successfully processed winterweizen-sv-2023.pdf -> C:\Users\KHANN\Documents\Test Folder\lsv-pipeline\output\winterweizen-sv-2023.xlsx[/green]
2025-06-02 14:23:14,348 - pdf_pipeline - INFO - [cyan]Processing PDF: C:\Users\KHANN\Documents\Test Folder\lsv-pipeline\input\Winterweizen_Spelzweizen_2023_Versuchsbericht.pdf[/cyan]
2025-06-02 14:23:14,353 - pdf_pipeline - DEBUG - [green]Found configuration for Winterweizen_Spelzweizen_2023_Versuchsbericht.pdf: 1 pages configured[/green]
2025-06-02 14:23:14,354 - pdf_pipeline - INFO - [cyan]Found 1 configured pages to process: [29][/cyan]
2025-06-02 14:23:14,356 - pdf_pipeline - INFO - [cyan]Processing configured page 29[/cyan]
2025-06-02 14:23:14,393 - pdf_pipeline - DEBUG - Starting vertical label extraction for page 29
2025-06-02 14:23:14,565 - pdf_pipeline - DEBUG - Found 6 vertical labels on page 29
2025-06-02 14:23:14,566 - pdf_pipeline - DEBUG - Vertical labels: ['/', '/', '/', '/', '/', '/']
2025-06-02 14:23:14,567 - pdf_pipeline - INFO - [green]Found vertical labels on page 29: ['/', '/', '/', '/', '/', '/'][/green]
2025-06-02 14:23:14,575 - pdf_pipeline - DEBUG - Starting vertical label extraction for page 29
2025-06-02 14:23:14,582 - pdf_pipeline - DEBUG - Found 6 vertical labels on page 29
2025-06-02 14:23:14,583 - pdf_pipeline - DEBUG - Vertical labels: ['/', '/', '/', '/', '/', '/']
2025-06-02 14:23:14,663 - pdf_pipeline - DEBUG - [green]Page 29: Extracted 1 raw tables structures[/green]
2025-06-02 14:23:14,664 - pdf_pipeline - DEBUG - Page 29, Raw Table 0: Added 'intensive' treatment table.
2025-06-02 14:23:14,665 - pdf_pipeline - DEBUG - Page 29, Raw Table 0: Added 'extensive' treatment table.
2025-06-02 14:23:14,666 - pdf_pipeline - DEBUG - Page 29, Raw Table 0: Identified as relevant 'absolute' table. Added for transformation.
2025-06-02 14:23:14,668 - pdf_pipeline - INFO - [green]Extracted 2 tables for further transformation from Winterweizen_Spelzweizen_2023_Versuchsbericht.pdf[/green]
2025-06-02 14:23:14,747 - pdf_pipeline - INFO - [green]Successfully processed Winterweizen_Spelzweizen_2023_Versuchsbericht.pdf -> C:\Users\KHANN\Documents\Test Folder\lsv-pipeline\output\Winterweizen_Spelzweizen_2023_Versuchsbericht.xlsx[/green]
2025-06-02 14:23:14,749 - pdf_pipeline - INFO - [green]PDF processing completed successfully![/green]
